<?xml version="1.0" encoding="UTF-8"?>
<coverage generated="1573637464355" clover="3.2.0">
  <project timestamp="1573637464356" name="All files">
    <metrics statements="210" coveredstatements="159" conditionals="124" coveredconditionals="82" methods="33" coveredmethods="25" elements="367" coveredelements="266" complexity="0" loc="210" ncloc="210" packages="1" files="2" classes="2"/>
    <file name="index.js" path="/Users/hzr/hzr/front-end/test-react-select/src/index.js">
      <metrics statements="194" coveredstatements="143" conditionals="99" coveredconditionals="60" methods="25" coveredmethods="17"/>
      <line num="4" count="1" type="stmt"/>
      <line num="5" count="1" type="stmt"/>
      <line num="6" count="1" type="stmt"/>
      <line num="7" count="1" type="stmt"/>
      <line num="8" count="1" type="stmt"/>
      <line num="9" count="1" type="stmt"/>
      <line num="10" count="1" type="stmt"/>
      <line num="11" count="1" type="stmt"/>
      <line num="12" count="1" type="stmt"/>
      <line num="13" count="1" type="stmt"/>
      <line num="14" count="1" type="stmt"/>
      <line num="16" count="1" type="stmt"/>
      <line num="17" count="32" type="stmt"/>
      <line num="18" count="32" type="stmt"/>
      <line num="19" count="32" type="stmt"/>
      <line num="20" count="32" type="stmt"/>
      <line num="21" count="32" type="stmt"/>
      <line num="22" count="32" type="stmt"/>
      <line num="23" count="32" type="stmt"/>
      <line num="24" count="32" type="stmt"/>
      <line num="25" count="32" type="stmt"/>
      <line num="26" count="32" type="stmt"/>
      <line num="27" count="32" type="stmt"/>
      <line num="28" count="32" type="stmt"/>
      <line num="29" count="32" type="stmt"/>
      <line num="31" count="32" type="stmt"/>
      <line num="32" count="6" type="stmt"/>
      <line num="33" count="6" type="cond" truecount="3" falsecount="1"/>
      <line num="35" count="6" type="cond" truecount="3" falsecount="1"/>
      <line num="36" count="6" type="cond" truecount="3" falsecount="1"/>
      <line num="40" count="6" type="stmt"/>
      <line num="41" count="27" type="stmt"/>
      <line num="43" count="6" type="stmt"/>
      <line num="44" count="6" type="stmt"/>
      <line num="45" count="6" type="stmt"/>
      <line num="46" count="6" type="cond" truecount="2" falsecount="0"/>
      <line num="49" count="32" type="stmt"/>
      <line num="50" count="7" type="cond" truecount="2" falsecount="0"/>
      <line num="51" count="3" type="stmt"/>
      <line num="55" count="32" type="stmt"/>
      <line num="57" count="15" type="cond" truecount="2" falsecount="0"/>
      <line num="58" count="10" type="stmt"/>
      <line num="59" count="10" type="stmt"/>
      <line num="60" count="10" type="stmt"/>
      <line num="61" count="10" type="stmt"/>
      <line num="63" count="5" type="stmt"/>
      <line num="64" count="5" type="stmt"/>
      <line num="65" count="5" type="stmt"/>
      <line num="66" count="5" type="stmt"/>
      <line num="69" count="5" type="stmt"/>
      <line num="72" count="5" type="cond" truecount="2" falsecount="0"/>
      <line num="73" count="1" type="stmt"/>
      <line num="74" count="1" type="stmt"/>
      <line num="76" count="1" type="stmt"/>
      <line num="80" count="1" type="stmt"/>
      <line num="83" count="5" type="stmt"/>
      <line num="84" count="5" type="stmt"/>
      <line num="85" count="5" type="stmt"/>
      <line num="86" count="5" type="cond" truecount="1" falsecount="1"/>
      <line num="87" count="0" type="stmt"/>
      <line num="88" count="0" type="stmt"/>
      <line num="92" count="5" type="stmt"/>
      <line num="95" count="32" type="stmt"/>
      <line num="96" count="9" type="cond" truecount="1" falsecount="1"/>
      <line num="97" count="0" type="stmt"/>
      <line num="98" count="0" type="stmt"/>
      <line num="104" count="32" type="stmt"/>
      <line num="105" count="0" type="cond" truecount="0" falsecount="2"/>
      <line num="106" count="0" type="stmt"/>
      <line num="107" count="0" type="stmt"/>
      <line num="109" count="0" type="stmt"/>
      <line num="110" count="0" type="stmt"/>
      <line num="115" count="32" type="stmt"/>
      <line num="116" count="4" type="stmt"/>
      <line num="119" count="32" type="stmt"/>
      <line num="121" count="0" type="stmt"/>
      <line num="122" count="0" type="stmt"/>
      <line num="125" count="32" type="stmt"/>
      <line num="126" count="0" type="stmt"/>
      <line num="127" count="0" type="stmt"/>
      <line num="132" count="32" type="stmt"/>
      <line num="133" count="0" type="stmt"/>
      <line num="135" count="0" type="stmt"/>
      <line num="136" count="0" type="stmt"/>
      <line num="137" count="0" type="stmt"/>
      <line num="138" count="0" type="stmt"/>
      <line num="141" count="32" type="stmt"/>
      <line num="142" count="0" type="cond" truecount="0" falsecount="2"/>
      <line num="143" count="0" type="stmt"/>
      <line num="145" count="0" type="cond" truecount="0" falsecount="2"/>
      <line num="146" count="0" type="stmt"/>
      <line num="149" count="0" type="stmt"/>
      <line num="152" count="0" type="stmt"/>
      <line num="154" count="0" type="stmt"/>
      <line num="156" count="0" type="stmt"/>
      <line num="160" count="32" type="stmt"/>
      <line num="161" count="0" type="stmt"/>
      <line num="162" count="0" type="stmt"/>
      <line num="163" count="0" type="stmt"/>
      <line num="164" count="0" type="stmt"/>
      <line num="167" count="32" type="stmt"/>
      <line num="168" count="3" type="cond" truecount="1" falsecount="1"/>
      <line num="169" count="3" type="stmt"/>
      <line num="170" count="3" type="stmt"/>
      <line num="171" count="3" type="stmt"/>
      <line num="172" count="3" type="stmt"/>
      <line num="174" count="3" type="stmt"/>
      <line num="175" count="3" type="stmt"/>
      <line num="176" count="3" type="stmt"/>
      <line num="177" count="3" type="stmt"/>
      <line num="182" count="3" type="cond" truecount="2" falsecount="0"/>
      <line num="183" count="1" type="stmt"/>
      <line num="185" count="3" type="stmt"/>
      <line num="189" count="32" type="stmt"/>
      <line num="190" count="1" type="stmt"/>
      <line num="191" count="1" type="stmt"/>
      <line num="192" count="1" type="stmt"/>
      <line num="193" count="0" type="cond" truecount="0" falsecount="2"/>
      <line num="194" count="0" type="stmt"/>
      <line num="200" count="1" type="stmt"/>
      <line num="201" count="1" type="stmt"/>
      <line num="204" count="32" type="stmt"/>
      <line num="205" count="25" type="cond" truecount="4" falsecount="1"/>
      <line num="207" count="2" type="cond" truecount="2" falsecount="0"/>
      <line num="208" count="1" type="stmt"/>
      <line num="209" count="1" type="cond" truecount="1" falsecount="1"/>
      <line num="210" count="1" type="cond" truecount="3" falsecount="1"/>
      <line num="211" count="1" type="stmt"/>
      <line num="213" count="0" type="stmt"/>
      <line num="217" count="0" type="stmt"/>
      <line num="218" count="0" type="stmt"/>
      <line num="219" count="0" type="stmt"/>
      <line num="222" count="2" type="cond" truecount="1" falsecount="1"/>
      <line num="223" count="2" type="stmt"/>
      <line num="226" count="1" type="cond" truecount="1" falsecount="1"/>
      <line num="227" count="0" type="stmt"/>
      <line num="229" count="1" type="stmt"/>
      <line num="230" count="1" type="cond" truecount="1" falsecount="1"/>
      <line num="231" count="1" type="stmt"/>
      <line num="234" count="10" type="stmt"/>
      <line num="235" count="10" type="stmt"/>
      <line num="238" count="12" type="stmt"/>
      <line num="239" count="12" type="stmt"/>
      <line num="242" count="0" type="stmt"/>
      <line num="246" count="32" type="stmt"/>
      <line num="247" count="22" type="cond" truecount="1" falsecount="1"/>
      <line num="248" count="0" type="stmt"/>
      <line num="251" count="22" type="cond" truecount="2" falsecount="0"/>
      <line num="252" count="10" type="stmt"/>
      <line num="257" count="12" type="stmt"/>
      <line num="262" count="22" type="stmt"/>
      <line num="264" count="22" type="cond" truecount="1" falsecount="1"/>
      <line num="267" count="0" type="cond" truecount="0" falsecount="2"/>
      <line num="269" count="0" type="stmt"/>
      <line num="271" count="0" type="cond" truecount="0" falsecount="4"/>
      <line num="272" count="0" type="stmt"/>
      <line num="274" count="0" type="cond" truecount="0" falsecount="2"/>
      <line num="276" count="0" type="stmt"/>
      <line num="278" count="0" type="cond" truecount="0" falsecount="4"/>
      <line num="279" count="0" type="stmt"/>
      <line num="283" count="22" type="cond" truecount="1" falsecount="1"/>
      <line num="286" count="32" type="stmt"/>
      <line num="287" count="8" type="stmt"/>
      <line num="288" count="8" type="stmt"/>
      <line num="289" count="54" type="cond" truecount="2" falsecount="0"/>
      <line num="291" count="8" type="stmt"/>
      <line num="294" count="32" type="stmt"/>
      <line num="295" count="2" type="stmt"/>
      <line num="296" count="2" type="cond" truecount="1" falsecount="1"/>
      <line num="297" count="0" type="stmt"/>
      <line num="298" count="0" type="stmt"/>
      <line num="299" count="0" type="stmt"/>
      <line num="303" count="32" type="stmt"/>
      <line num="305" count="4" type="cond" truecount="3" falsecount="1"/>
      <line num="306" count="0" type="stmt"/>
      <line num="308" count="4" type="cond" truecount="2" falsecount="0"/>
      <line num="310" count="32" type="stmt"/>
      <line num="340" count="1" type="stmt"/>
      <line num="341" count="32" type="stmt"/>
      <line num="342" count="32" type="stmt"/>
      <line num="344" count="32" type="stmt"/>
      <line num="345" count="32" type="stmt"/>
      <line num="346" count="32" type="stmt"/>
      <line num="347" count="32" type="stmt"/>
      <line num="348" count="32" type="stmt"/>
      <line num="350" count="32" type="stmt"/>
      <line num="352" count="32" type="stmt"/>
      <line num="354" count="32" type="stmt"/>
      <line num="355" count="32" type="stmt"/>
      <line num="356" count="32" type="stmt"/>
      <line num="358" count="32" type="stmt"/>
      <line num="359" count="32" type="stmt"/>
      <line num="360" count="32" type="stmt"/>
      <line num="362" count="32" type="stmt"/>
    </file>
    <file name="view.js" path="/Users/hzr/hzr/front-end/test-react-select/src/view.js">
      <metrics statements="16" coveredstatements="16" conditionals="25" coveredconditionals="22" methods="8" coveredmethods="8"/>
      <line num="4" count="1" type="stmt"/>
      <line num="12" count="30" type="stmt"/>
      <line num="20" count="30" type="stmt"/>
      <line num="25" count="30" type="stmt"/>
      <line num="33" count="30" type="stmt"/>
      <line num="34" count="30" type="stmt"/>
      <line num="39" count="4" type="stmt"/>
      <line num="56" count="1" type="stmt"/>
      <line num="63" count="1" type="stmt"/>
      <line num="64" count="1" type="stmt"/>
      <line num="90" count="1" type="stmt"/>
      <line num="104" count="30" type="stmt"/>
      <line num="117" count="153" type="stmt"/>
      <line num="122" count="1" type="stmt"/>
      <line num="125" count="279" type="cond" truecount="2" falsecount="0"/>
      <line num="126" count="22" type="stmt"/>
    </file>
  </project>
</coverage>
