{"/Users/hzr/hzr/front-end/test-react-select/src/index.js": {"path":"/Users/hzr/hzr/front-end/test-react-select/src/index.js","statementMap":{"0":{"start":{"line":4,"column":28},"end":{"line":4,"column":30}},"1":{"start":{"line":5,"column":20},"end":{"line":5,"column":24}},"2":{"start":{"line":6,"column":26},"end":{"line":6,"column":28}},"3":{"start":{"line":7,"column":27},"end":{"line":7,"column":29}},"4":{"start":{"line":8,"column":26},"end":{"line":8,"column":31}},"5":{"start":{"line":9,"column":22},"end":{"line":9,"column":23}},"6":{"start":{"line":10,"column":27},"end":{"line":10,"column":32}},"7":{"start":{"line":11,"column":25},"end":{"line":11,"column":30}},"8":{"start":{"line":12,"column":27},"end":{"line":12,"column":29}},"9":{"start":{"line":13,"column":22},"end":{"line":13,"column":26}},"10":{"start":{"line":14,"column":27},"end":{"line":14,"column":29}},"11":{"start":{"line":16,"column":14},"end":{"line":337,"column":2}},"12":{"start":{"line":17,"column":27},"end":{"line":17,"column":42}},"13":{"start":{"line":18,"column":26},"end":{"line":18,"column":38}},"14":{"start":{"line":19,"column":32},"end":{"line":19,"column":44}},"15":{"start":{"line":20,"column":27},"end":{"line":20,"column":39}},"16":{"start":{"line":21,"column":26},"end":{"line":21,"column":55}},"17":{"start":{"line":22,"column":25},"end":{"line":22,"column":40}},"18":{"start":{"line":23,"column":20},"end":{"line":23,"column":32}},"19":{"start":{"line":24,"column":19},"end":{"line":24,"column":31}},"20":{"start":{"line":25,"column":21},"end":{"line":25,"column":33}},"21":{"start":{"line":26,"column":23},"end":{"line":26,"column":35}},"22":{"start":{"line":27,"column":30},"end":{"line":27,"column":42}},"23":{"start":{"line":28,"column":20},"end":{"line":28,"column":32}},"24":{"start":{"line":29,"column":22},"end":{"line":29,"column":38}},"25":{"start":{"line":31,"column":2},"end":{"line":47,"column":25}},"26":{"start":{"line":32,"column":4},"end":{"line":32,"column":30}},"27":{"start":{"line":33,"column":24},"end":{"line":33,"column":119}},"28":{"start":{"line":35,"column":4},"end":{"line":35,"column":136}},"29":{"start":{"line":35,"column":100},"end":{"line":35,"column":111}},"30":{"start":{"line":35,"column":122},"end":{"line":35,"column":133}},"31":{"start":{"line":36,"column":4},"end":{"line":39,"column":20}},"32":{"start":{"line":40,"column":4},"end":{"line":42,"column":7}},"33":{"start":{"line":41,"column":6},"end":{"line":41,"column":74}},"34":{"start":{"line":43,"column":4},"end":{"line":43,"column":53}},"35":{"start":{"line":44,"column":4},"end":{"line":44,"column":51}},"36":{"start":{"line":45,"column":4},"end":{"line":45,"column":51}},"37":{"start":{"line":46,"column":4},"end":{"line":46,"column":77}},"38":{"start":{"line":49,"column":2},"end":{"line":53,"column":22}},"39":{"start":{"line":50,"column":4},"end":{"line":52,"column":5}},"40":{"start":{"line":51,"column":6},"end":{"line":51,"column":58}},"41":{"start":{"line":55,"column":2},"end":{"line":92,"column":28}},"42":{"start":{"line":57,"column":4},"end":{"line":70,"column":5}},"43":{"start":{"line":58,"column":6},"end":{"line":58,"column":48}},"44":{"start":{"line":59,"column":6},"end":{"line":59,"column":45}},"45":{"start":{"line":60,"column":6},"end":{"line":60,"column":48}},"46":{"start":{"line":61,"column":6},"end":{"line":61,"column":13}},"47":{"start":{"line":63,"column":6},"end":{"line":63,"column":32}},"48":{"start":{"line":64,"column":6},"end":{"line":64,"column":35}},"49":{"start":{"line":65,"column":6},"end":{"line":65,"column":46}},"50":{"start":{"line":66,"column":6},"end":{"line":68,"column":9}},"51":{"start":{"line":69,"column":6},"end":{"line":69,"column":29}},"52":{"start":{"line":72,"column":4},"end":{"line":81,"column":5}},"53":{"start":{"line":73,"column":6},"end":{"line":73,"column":58}},"54":{"start":{"line":74,"column":6},"end":{"line":74,"column":66}},"55":{"start":{"line":76,"column":6},"end":{"line":79,"column":8}},"56":{"start":{"line":80,"column":6},"end":{"line":80,"column":73}},"57":{"start":{"line":83,"column":4},"end":{"line":83,"column":50}},"58":{"start":{"line":84,"column":4},"end":{"line":84,"column":69}},"59":{"start":{"line":85,"column":4},"end":{"line":90,"column":5}},"60":{"start":{"line":86,"column":6},"end":{"line":86,"column":58}},"61":{"start":{"line":87,"column":6},"end":{"line":89,"column":15}},"62":{"start":{"line":91,"column":4},"end":{"line":91,"column":26}},"63":{"start":{"line":94,"column":2},"end":{"line":101,"column":26}},"64":{"start":{"line":95,"column":4},"end":{"line":100,"column":5}},"65":{"start":{"line":96,"column":6},"end":{"line":96,"column":58}},"66":{"start":{"line":97,"column":6},"end":{"line":99,"column":15}},"67":{"start":{"line":103,"column":29},"end":{"line":112,"column":3}},"68":{"start":{"line":104,"column":4},"end":{"line":111,"column":5}},"69":{"start":{"line":105,"column":21},"end":{"line":105,"column":79}},"70":{"start":{"line":106,"column":28},"end":{"line":106,"column":65}},"71":{"start":{"line":108,"column":8},"end":{"line":108,"column":64}},"72":{"start":{"line":109,"column":6},"end":{"line":110,"column":73}},"73":{"start":{"line":114,"column":33},"end":{"line":116,"column":8}},"74":{"start":{"line":115,"column":4},"end":{"line":115,"column":32}},"75":{"start":{"line":118,"column":23},"end":{"line":122,"column":3}},"76":{"start":{"line":120,"column":6},"end":{"line":120,"column":76}},"77":{"start":{"line":121,"column":4},"end":{"line":121,"column":67}},"78":{"start":{"line":124,"column":25},"end":{"line":129,"column":3}},"79":{"start":{"line":125,"column":4},"end":{"line":125,"column":17}},"80":{"start":{"line":126,"column":4},"end":{"line":128,"column":64}},"81":{"start":{"line":131,"column":20},"end":{"line":138,"column":3}},"82":{"start":{"line":132,"column":4},"end":{"line":132,"column":33}},"83":{"start":{"line":134,"column":4},"end":{"line":134,"column":31}},"84":{"start":{"line":135,"column":4},"end":{"line":135,"column":60}},"85":{"start":{"line":136,"column":4},"end":{"line":136,"column":56}},"86":{"start":{"line":137,"column":4},"end":{"line":137,"column":41}},"87":{"start":{"line":137,"column":35},"end":{"line":137,"column":40}},"88":{"start":{"line":140,"column":26},"end":{"line":157,"column":3}},"89":{"start":{"line":141,"column":4},"end":{"line":143,"column":5}},"90":{"start":{"line":142,"column":6},"end":{"line":142,"column":13}},"91":{"start":{"line":144,"column":4},"end":{"line":146,"column":5}},"92":{"start":{"line":145,"column":6},"end":{"line":145,"column":13}},"93":{"start":{"line":148,"column":6},"end":{"line":149,"column":8}},"94":{"start":{"line":151,"column":6},"end":{"line":151,"column":57}},"95":{"start":{"line":153,"column":6},"end":{"line":154,"column":46}},"96":{"start":{"line":155,"column":4},"end":{"line":156,"column":76}},"97":{"start":{"line":159,"column":24},"end":{"line":164,"column":3}},"98":{"start":{"line":160,"column":4},"end":{"line":160,"column":32}},"99":{"start":{"line":161,"column":4},"end":{"line":161,"column":24}},"100":{"start":{"line":162,"column":4},"end":{"line":162,"column":63}},"101":{"start":{"line":163,"column":4},"end":{"line":163,"column":34}},"102":{"start":{"line":166,"column":23},"end":{"line":186,"column":3}},"103":{"start":{"line":167,"column":4},"end":{"line":185,"column":5}},"104":{"start":{"line":168,"column":6},"end":{"line":168,"column":39}},"105":{"start":{"line":169,"column":6},"end":{"line":169,"column":33}},"106":{"start":{"line":170,"column":6},"end":{"line":170,"column":38}},"107":{"start":{"line":171,"column":6},"end":{"line":171,"column":46}},"108":{"start":{"line":173,"column":23},"end":{"line":173,"column":68}},"109":{"start":{"line":174,"column":6},"end":{"line":174,"column":43}},"110":{"start":{"line":175,"column":6},"end":{"line":175,"column":41}},"111":{"start":{"line":176,"column":6},"end":{"line":180,"column":8}},"112":{"start":{"line":181,"column":6},"end":{"line":183,"column":7}},"113":{"start":{"line":182,"column":8},"end":{"line":182,"column":31}},"114":{"start":{"line":184,"column":6},"end":{"line":184,"column":34}},"115":{"start":{"line":188,"column":33},"end":{"line":201,"column":3}},"116":{"start":{"line":189,"column":4},"end":{"line":189,"column":28}},"117":{"start":{"line":190,"column":28},"end":{"line":190,"column":30}},"118":{"start":{"line":191,"column":4},"end":{"line":198,"column":7}},"119":{"start":{"line":192,"column":6},"end":{"line":197,"column":7}},"120":{"start":{"line":193,"column":8},"end":{"line":196,"column":11}},"121":{"start":{"line":199,"column":4},"end":{"line":199,"column":50}},"122":{"start":{"line":200,"column":4},"end":{"line":200,"column":48}},"123":{"start":{"line":203,"column":24},"end":{"line":243,"column":3}},"124":{"start":{"line":204,"column":4},"end":{"line":242,"column":5}},"125":{"start":{"line":206,"column":8},"end":{"line":220,"column":9}},"126":{"start":{"line":207,"column":10},"end":{"line":207,"column":36}},"127":{"start":{"line":208,"column":15},"end":{"line":220,"column":9}},"128":{"start":{"line":209,"column":10},"end":{"line":219,"column":11}},"129":{"start":{"line":210,"column":12},"end":{"line":210,"column":68}},"130":{"start":{"line":212,"column":29},"end":{"line":215,"column":13}},"131":{"start":{"line":216,"column":12},"end":{"line":216,"column":44}},"132":{"start":{"line":217,"column":12},"end":{"line":217,"column":42}},"133":{"start":{"line":218,"column":12},"end":{"line":218,"column":39}},"134":{"start":{"line":221,"column":8},"end":{"line":221,"column":72}},"135":{"start":{"line":222,"column":8},"end":{"line":222,"column":14}},"136":{"start":{"line":225,"column":8},"end":{"line":227,"column":9}},"137":{"start":{"line":226,"column":10},"end":{"line":226,"column":17}},"138":{"start":{"line":228,"column":8},"end":{"line":228,"column":35}},"139":{"start":{"line":229,"column":8},"end":{"line":229,"column":72}},"140":{"start":{"line":230,"column":8},"end":{"line":230,"column":14}},"141":{"start":{"line":233,"column":8},"end":{"line":233,"column":31}},"142":{"start":{"line":234,"column":8},"end":{"line":234,"column":14}},"143":{"start":{"line":237,"column":8},"end":{"line":237,"column":31}},"144":{"start":{"line":238,"column":8},"end":{"line":238,"column":14}},"145":{"start":{"line":241,"column":8},"end":{"line":241,"column":14}},"146":{"start":{"line":245,"column":22},"end":{"line":283,"column":3}},"147":{"start":{"line":246,"column":4},"end":{"line":248,"column":5}},"148":{"start":{"line":247,"column":6},"end":{"line":247,"column":12}},"149":{"start":{"line":250,"column":4},"end":{"line":260,"column":5}},"150":{"start":{"line":251,"column":6},"end":{"line":254,"column":36}},"151":{"start":{"line":256,"column":6},"end":{"line":259,"column":36}},"152":{"start":{"line":261,"column":4},"end":{"line":261,"column":44}},"153":{"start":{"line":263,"column":4},"end":{"line":281,"column":5}},"154":{"start":{"line":266,"column":6},"end":{"line":280,"column":7}},"155":{"start":{"line":268,"column":10},"end":{"line":269,"column":56}},"156":{"start":{"line":270,"column":8},"end":{"line":272,"column":9}},"157":{"start":{"line":271,"column":10},"end":{"line":271,"column":53}},"158":{"start":{"line":273,"column":13},"end":{"line":280,"column":7}},"159":{"start":{"line":275,"column":10},"end":{"line":276,"column":59}},"160":{"start":{"line":277,"column":8},"end":{"line":279,"column":9}},"161":{"start":{"line":278,"column":10},"end":{"line":278,"column":53}},"162":{"start":{"line":282,"column":4},"end":{"line":282,"column":68}},"163":{"start":{"line":285,"column":25},"end":{"line":291,"column":3}},"164":{"start":{"line":286,"column":16},"end":{"line":286,"column":21}},"165":{"start":{"line":287,"column":4},"end":{"line":289,"column":5}},"166":{"start":{"line":287,"column":17},"end":{"line":287,"column":18}},"167":{"start":{"line":288,"column":6},"end":{"line":288,"column":58}},"168":{"start":{"line":290,"column":4},"end":{"line":290,"column":15}},"169":{"start":{"line":293,"column":26},"end":{"line":300,"column":3}},"170":{"start":{"line":294,"column":20},"end":{"line":294,"column":79}},"171":{"start":{"line":295,"column":4},"end":{"line":299,"column":5}},"172":{"start":{"line":296,"column":6},"end":{"line":296,"column":33}},"173":{"start":{"line":297,"column":6},"end":{"line":297,"column":35}},"174":{"start":{"line":298,"column":6},"end":{"line":298,"column":33}},"175":{"start":{"line":302,"column":24},"end":{"line":308,"column":3}},"176":{"start":{"line":304,"column":4},"end":{"line":306,"column":5}},"177":{"start":{"line":305,"column":6},"end":{"line":305,"column":19}},"178":{"start":{"line":307,"column":4},"end":{"line":307,"column":79}},"179":{"start":{"line":309,"column":2},"end":{"line":336,"column":4}},"180":{"start":{"line":339,"column":23},"end":{"line":362,"column":1}},"181":{"start":{"line":340,"column":23},"end":{"line":340,"column":24}},"182":{"start":{"line":341,"column":16},"end":{"line":341,"column":45}},"183":{"start":{"line":343,"column":2},"end":{"line":343,"column":30}},"184":{"start":{"line":344,"column":2},"end":{"line":344,"column":36}},"185":{"start":{"line":345,"column":2},"end":{"line":345,"column":36}},"186":{"start":{"line":346,"column":2},"end":{"line":346,"column":30}},"187":{"start":{"line":347,"column":2},"end":{"line":347,"column":35}},"188":{"start":{"line":349,"column":24},"end":{"line":349,"column":41}},"189":{"start":{"line":351,"column":2},"end":{"line":351,"column":34}},"190":{"start":{"line":353,"column":16},"end":{"line":353,"column":45}},"191":{"start":{"line":354,"column":2},"end":{"line":354,"column":29}},"192":{"start":{"line":355,"column":2},"end":{"line":355,"column":27}},"193":{"start":{"line":357,"column":27},"end":{"line":357,"column":44}},"194":{"start":{"line":358,"column":2},"end":{"line":358,"column":38}},"195":{"start":{"line":359,"column":2},"end":{"line":359,"column":52}},"196":{"start":{"line":361,"column":2},"end":{"line":361,"column":24}}},"fnMap":{"0":{"name":"(anonymous_0)","decl":{"start":{"line":16,"column":19},"end":{"line":16,"column":20}},"loc":{"start":{"line":16,"column":28},"end":{"line":337,"column":1}},"line":16},"1":{"name":"(anonymous_1)","decl":{"start":{"line":31,"column":12},"end":{"line":31,"column":13}},"loc":{"start":{"line":31,"column":18},"end":{"line":47,"column":3}},"line":31},"2":{"name":"(anonymous_2)","decl":{"start":{"line":35,"column":93},"end":{"line":35,"column":94}},"loc":{"start":{"line":35,"column":99},"end":{"line":35,"column":112}},"line":35},"3":{"name":"(anonymous_3)","decl":{"start":{"line":35,"column":115},"end":{"line":35,"column":116}},"loc":{"start":{"line":35,"column":121},"end":{"line":35,"column":134}},"line":35},"4":{"name":"(anonymous_4)","decl":{"start":{"line":40,"column":24},"end":{"line":40,"column":25}},"loc":{"start":{"line":40,"column":41},"end":{"line":42,"column":5}},"line":40},"5":{"name":"(anonymous_5)","decl":{"start":{"line":49,"column":12},"end":{"line":49,"column":13}},"loc":{"start":{"line":49,"column":18},"end":{"line":53,"column":3}},"line":49},"6":{"name":"(anonymous_6)","decl":{"start":{"line":55,"column":12},"end":{"line":55,"column":13}},"loc":{"start":{"line":55,"column":18},"end":{"line":92,"column":3}},"line":55},"7":{"name":"(anonymous_7)","decl":{"start":{"line":94,"column":12},"end":{"line":94,"column":13}},"loc":{"start":{"line":94,"column":18},"end":{"line":101,"column":3}},"line":94},"8":{"name":"(anonymous_8)","decl":{"start":{"line":103,"column":29},"end":{"line":103,"column":30}},"loc":{"start":{"line":103,"column":34},"end":{"line":112,"column":3}},"line":103},"9":{"name":"(anonymous_9)","decl":{"start":{"line":114,"column":45},"end":{"line":114,"column":46}},"loc":{"start":{"line":114,"column":55},"end":{"line":116,"column":3}},"line":114},"10":{"name":"(anonymous_10)","decl":{"start":{"line":118,"column":23},"end":{"line":118,"column":24}},"loc":{"start":{"line":118,"column":29},"end":{"line":122,"column":3}},"line":118},"11":{"name":"(anonymous_11)","decl":{"start":{"line":124,"column":25},"end":{"line":124,"column":26}},"loc":{"start":{"line":124,"column":30},"end":{"line":129,"column":3}},"line":124},"12":{"name":"(anonymous_12)","decl":{"start":{"line":131,"column":20},"end":{"line":131,"column":21}},"loc":{"start":{"line":131,"column":25},"end":{"line":138,"column":3}},"line":131},"13":{"name":"(anonymous_13)","decl":{"start":{"line":137,"column":29},"end":{"line":137,"column":30}},"loc":{"start":{"line":137,"column":35},"end":{"line":137,"column":40}},"line":137},"14":{"name":"(anonymous_14)","decl":{"start":{"line":140,"column":26},"end":{"line":140,"column":27}},"loc":{"start":{"line":140,"column":31},"end":{"line":157,"column":3}},"line":140},"15":{"name":"(anonymous_15)","decl":{"start":{"line":159,"column":24},"end":{"line":159,"column":25}},"loc":{"start":{"line":159,"column":29},"end":{"line":164,"column":3}},"line":159},"16":{"name":"(anonymous_16)","decl":{"start":{"line":166,"column":23},"end":{"line":166,"column":24}},"loc":{"start":{"line":166,"column":30},"end":{"line":186,"column":3}},"line":166},"17":{"name":"(anonymous_17)","decl":{"start":{"line":188,"column":33},"end":{"line":188,"column":34}},"loc":{"start":{"line":188,"column":40},"end":{"line":201,"column":3}},"line":188},"18":{"name":"(anonymous_18)","decl":{"start":{"line":191,"column":33},"end":{"line":191,"column":34}},"loc":{"start":{"line":191,"column":41},"end":{"line":198,"column":5}},"line":191},"19":{"name":"(anonymous_19)","decl":{"start":{"line":203,"column":24},"end":{"line":203,"column":25}},"loc":{"start":{"line":203,"column":29},"end":{"line":243,"column":3}},"line":203},"20":{"name":"(anonymous_20)","decl":{"start":{"line":245,"column":22},"end":{"line":245,"column":23}},"loc":{"start":{"line":245,"column":35},"end":{"line":283,"column":3}},"line":245},"21":{"name":"(anonymous_21)","decl":{"start":{"line":285,"column":25},"end":{"line":285,"column":26}},"loc":{"start":{"line":285,"column":42},"end":{"line":291,"column":3}},"line":285},"22":{"name":"(anonymous_22)","decl":{"start":{"line":293,"column":26},"end":{"line":293,"column":27}},"loc":{"start":{"line":293,"column":31},"end":{"line":300,"column":3}},"line":293},"23":{"name":"(anonymous_23)","decl":{"start":{"line":302,"column":24},"end":{"line":302,"column":25}},"loc":{"start":{"line":302,"column":44},"end":{"line":308,"column":3}},"line":302},"24":{"name":"(anonymous_24)","decl":{"start":{"line":339,"column":23},"end":{"line":339,"column":24}},"loc":{"start":{"line":339,"column":29},"end":{"line":362,"column":1}},"line":339}},"branchMap":{"0":{"loc":{"start":{"line":33,"column":24},"end":{"line":33,"column":119}},"type":"cond-expr","locations":[{"start":{"line":33,"column":43},"end":{"line":33,"column":114}},{"start":{"line":33,"column":117},"end":{"line":33,"column":119}}],"line":33},"1":{"loc":{"start":{"line":33,"column":43},"end":{"line":33,"column":114}},"type":"cond-expr","locations":[{"start":{"line":33,"column":85},"end":{"line":33,"column":109}},{"start":{"line":33,"column":112},"end":{"line":33,"column":114}}],"line":33},"2":{"loc":{"start":{"line":35,"column":22},"end":{"line":35,"column":134}},"type":"cond-expr","locations":[{"start":{"line":35,"column":41},"end":{"line":35,"column":112}},{"start":{"line":35,"column":115},"end":{"line":35,"column":134}}],"line":35},"3":{"loc":{"start":{"line":35,"column":41},"end":{"line":35,"column":112}},"type":"cond-expr","locations":[{"start":{"line":35,"column":67},"end":{"line":35,"column":90}},{"start":{"line":35,"column":93},"end":{"line":35,"column":112}}],"line":35},"4":{"loc":{"start":{"line":36,"column":27},"end":{"line":39,"column":19}},"type":"cond-expr","locations":[{"start":{"line":36,"column":46},"end":{"line":38,"column":19}},{"start":{"line":39,"column":8},"end":{"line":39,"column":19}}],"line":36},"5":{"loc":{"start":{"line":36,"column":46},"end":{"line":38,"column":19}},"type":"cond-expr","locations":[{"start":{"line":37,"column":8},"end":{"line":37,"column":36}},{"start":{"line":38,"column":8},"end":{"line":38,"column":19}}],"line":36},"6":{"loc":{"start":{"line":46,"column":22},"end":{"line":46,"column":75}},"type":"cond-expr","locations":[{"start":{"line":46,"column":41},"end":{"line":46,"column":67}},{"start":{"line":46,"column":70},"end":{"line":46,"column":75}}],"line":46},"7":{"loc":{"start":{"line":50,"column":4},"end":{"line":52,"column":5}},"type":"if","locations":[{"start":{"line":50,"column":4},"end":{"line":52,"column":5}},{"start":{"line":50,"column":4},"end":{"line":52,"column":5}}],"line":50},"8":{"loc":{"start":{"line":57,"column":4},"end":{"line":70,"column":5}},"type":"if","locations":[{"start":{"line":57,"column":4},"end":{"line":70,"column":5}},{"start":{"line":57,"column":4},"end":{"line":70,"column":5}}],"line":57},"9":{"loc":{"start":{"line":72,"column":4},"end":{"line":81,"column":5}},"type":"if","locations":[{"start":{"line":72,"column":4},"end":{"line":81,"column":5}},{"start":{"line":72,"column":4},"end":{"line":81,"column":5}}],"line":72},"10":{"loc":{"start":{"line":85,"column":4},"end":{"line":90,"column":5}},"type":"if","locations":[{"start":{"line":85,"column":4},"end":{"line":90,"column":5}},{"start":{"line":85,"column":4},"end":{"line":90,"column":5}}],"line":85},"11":{"loc":{"start":{"line":95,"column":4},"end":{"line":100,"column":5}},"type":"if","locations":[{"start":{"line":95,"column":4},"end":{"line":100,"column":5}},{"start":{"line":95,"column":4},"end":{"line":100,"column":5}}],"line":95},"12":{"loc":{"start":{"line":104,"column":4},"end":{"line":111,"column":5}},"type":"if","locations":[{"start":{"line":104,"column":4},"end":{"line":111,"column":5}},{"start":{"line":104,"column":4},"end":{"line":111,"column":5}}],"line":104},"13":{"loc":{"start":{"line":141,"column":4},"end":{"line":143,"column":5}},"type":"if","locations":[{"start":{"line":141,"column":4},"end":{"line":143,"column":5}},{"start":{"line":141,"column":4},"end":{"line":143,"column":5}}],"line":141},"14":{"loc":{"start":{"line":144,"column":4},"end":{"line":146,"column":5}},"type":"if","locations":[{"start":{"line":144,"column":4},"end":{"line":146,"column":5}},{"start":{"line":144,"column":4},"end":{"line":146,"column":5}}],"line":144},"15":{"loc":{"start":{"line":167,"column":4},"end":{"line":185,"column":5}},"type":"if","locations":[{"start":{"line":167,"column":4},"end":{"line":185,"column":5}},{"start":{"line":167,"column":4},"end":{"line":185,"column":5}}],"line":167},"16":{"loc":{"start":{"line":177,"column":8},"end":{"line":179,"column":32}},"type":"cond-expr","locations":[{"start":{"line":178,"column":12},"end":{"line":178,"column":33}},{"start":{"line":179,"column":12},"end":{"line":179,"column":32}}],"line":177},"17":{"loc":{"start":{"line":181,"column":6},"end":{"line":183,"column":7}},"type":"if","locations":[{"start":{"line":181,"column":6},"end":{"line":183,"column":7}},{"start":{"line":181,"column":6},"end":{"line":183,"column":7}}],"line":181},"18":{"loc":{"start":{"line":192,"column":6},"end":{"line":197,"column":7}},"type":"if","locations":[{"start":{"line":192,"column":6},"end":{"line":197,"column":7}},{"start":{"line":192,"column":6},"end":{"line":197,"column":7}}],"line":192},"19":{"loc":{"start":{"line":195,"column":18},"end":{"line":195,"column":68}},"type":"cond-expr","locations":[{"start":{"line":195,"column":56},"end":{"line":195,"column":60}},{"start":{"line":195,"column":63},"end":{"line":195,"column":68}}],"line":195},"20":{"loc":{"start":{"line":204,"column":4},"end":{"line":242,"column":5}},"type":"switch","locations":[{"start":{"line":205,"column":6},"end":{"line":223,"column":7}},{"start":{"line":224,"column":6},"end":{"line":231,"column":7}},{"start":{"line":232,"column":6},"end":{"line":235,"column":7}},{"start":{"line":236,"column":6},"end":{"line":239,"column":7}},{"start":{"line":240,"column":6},"end":{"line":241,"column":14}}],"line":204},"21":{"loc":{"start":{"line":206,"column":8},"end":{"line":220,"column":9}},"type":"if","locations":[{"start":{"line":206,"column":8},"end":{"line":220,"column":9}},{"start":{"line":206,"column":8},"end":{"line":220,"column":9}}],"line":206},"22":{"loc":{"start":{"line":208,"column":15},"end":{"line":220,"column":9}},"type":"if","locations":[{"start":{"line":208,"column":15},"end":{"line":220,"column":9}},{"start":{"line":208,"column":15},"end":{"line":220,"column":9}}],"line":208},"23":{"loc":{"start":{"line":209,"column":10},"end":{"line":219,"column":11}},"type":"if","locations":[{"start":{"line":209,"column":10},"end":{"line":219,"column":11}},{"start":{"line":209,"column":10},"end":{"line":219,"column":11}}],"line":209},"24":{"loc":{"start":{"line":209,"column":14},"end":{"line":209,"column":77}},"type":"binary-expr","locations":[{"start":{"line":209,"column":14},"end":{"line":209,"column":40}},{"start":{"line":209,"column":44},"end":{"line":209,"column":77}}],"line":209},"25":{"loc":{"start":{"line":221,"column":8},"end":{"line":221,"column":71}},"type":"cond-expr","locations":[{"start":{"line":221,"column":27},"end":{"line":221,"column":45}},{"start":{"line":221,"column":49},"end":{"line":221,"column":70}}],"line":221},"26":{"loc":{"start":{"line":225,"column":8},"end":{"line":227,"column":9}},"type":"if","locations":[{"start":{"line":225,"column":8},"end":{"line":227,"column":9}},{"start":{"line":225,"column":8},"end":{"line":227,"column":9}}],"line":225},"27":{"loc":{"start":{"line":229,"column":8},"end":{"line":229,"column":71}},"type":"cond-expr","locations":[{"start":{"line":229,"column":27},"end":{"line":229,"column":45}},{"start":{"line":229,"column":49},"end":{"line":229,"column":70}}],"line":229},"28":{"loc":{"start":{"line":246,"column":4},"end":{"line":248,"column":5}},"type":"if","locations":[{"start":{"line":246,"column":4},"end":{"line":248,"column":5}},{"start":{"line":246,"column":4},"end":{"line":248,"column":5}}],"line":246},"29":{"loc":{"start":{"line":250,"column":4},"end":{"line":260,"column":5}},"type":"if","locations":[{"start":{"line":250,"column":4},"end":{"line":260,"column":5}},{"start":{"line":250,"column":4},"end":{"line":260,"column":5}}],"line":250},"30":{"loc":{"start":{"line":252,"column":8},"end":{"line":254,"column":35}},"type":"cond-expr","locations":[{"start":{"line":253,"column":12},"end":{"line":253,"column":43}},{"start":{"line":254,"column":12},"end":{"line":254,"column":35}}],"line":252},"31":{"loc":{"start":{"line":257,"column":8},"end":{"line":259,"column":35}},"type":"cond-expr","locations":[{"start":{"line":258,"column":12},"end":{"line":258,"column":13}},{"start":{"line":259,"column":12},"end":{"line":259,"column":35}}],"line":257},"32":{"loc":{"start":{"line":263,"column":4},"end":{"line":281,"column":5}},"type":"if","locations":[{"start":{"line":263,"column":4},"end":{"line":281,"column":5}},{"start":{"line":263,"column":4},"end":{"line":281,"column":5}}],"line":263},"33":{"loc":{"start":{"line":264,"column":6},"end":{"line":264,"column":103}},"type":"binary-expr","locations":[{"start":{"line":264,"column":6},"end":{"line":264,"column":32}},{"start":{"line":264,"column":36},"end":{"line":264,"column":103}}],"line":264},"34":{"loc":{"start":{"line":266,"column":6},"end":{"line":280,"column":7}},"type":"if","locations":[{"start":{"line":266,"column":6},"end":{"line":280,"column":7}},{"start":{"line":266,"column":6},"end":{"line":280,"column":7}}],"line":266},"35":{"loc":{"start":{"line":270,"column":8},"end":{"line":272,"column":9}},"type":"if","locations":[{"start":{"line":270,"column":8},"end":{"line":272,"column":9}},{"start":{"line":270,"column":8},"end":{"line":272,"column":9}}],"line":270},"36":{"loc":{"start":{"line":270,"column":12},"end":{"line":270,"column":123}},"type":"binary-expr","locations":[{"start":{"line":270,"column":12},"end":{"line":270,"column":22}},{"start":{"line":270,"column":26},"end":{"line":270,"column":123}}],"line":270},"37":{"loc":{"start":{"line":273,"column":13},"end":{"line":280,"column":7}},"type":"if","locations":[{"start":{"line":273,"column":13},"end":{"line":280,"column":7}},{"start":{"line":273,"column":13},"end":{"line":280,"column":7}}],"line":273},"38":{"loc":{"start":{"line":277,"column":8},"end":{"line":279,"column":9}},"type":"if","locations":[{"start":{"line":277,"column":8},"end":{"line":279,"column":9}},{"start":{"line":277,"column":8},"end":{"line":279,"column":9}}],"line":277},"39":{"loc":{"start":{"line":277,"column":12},"end":{"line":277,"column":123}},"type":"binary-expr","locations":[{"start":{"line":277,"column":12},"end":{"line":277,"column":22}},{"start":{"line":277,"column":26},"end":{"line":277,"column":123}}],"line":277},"40":{"loc":{"start":{"line":282,"column":4},"end":{"line":282,"column":67}},"type":"cond-expr","locations":[{"start":{"line":282,"column":23},"end":{"line":282,"column":41}},{"start":{"line":282,"column":45},"end":{"line":282,"column":66}}],"line":282},"41":{"loc":{"start":{"line":288,"column":22},"end":{"line":288,"column":57}},"type":"cond-expr","locations":[{"start":{"line":288,"column":45},"end":{"line":288,"column":49}},{"start":{"line":288,"column":52},"end":{"line":288,"column":57}}],"line":288},"42":{"loc":{"start":{"line":295,"column":4},"end":{"line":299,"column":5}},"type":"if","locations":[{"start":{"line":295,"column":4},"end":{"line":299,"column":5}},{"start":{"line":295,"column":4},"end":{"line":299,"column":5}}],"line":295},"43":{"loc":{"start":{"line":304,"column":4},"end":{"line":306,"column":5}},"type":"if","locations":[{"start":{"line":304,"column":4},"end":{"line":306,"column":5}},{"start":{"line":304,"column":4},"end":{"line":306,"column":5}}],"line":304},"44":{"loc":{"start":{"line":304,"column":8},"end":{"line":304,"column":38}},"type":"binary-expr","locations":[{"start":{"line":304,"column":8},"end":{"line":304,"column":15}},{"start":{"line":304,"column":19},"end":{"line":304,"column":38}}],"line":304},"45":{"loc":{"start":{"line":307,"column":11},"end":{"line":307,"column":78}},"type":"cond-expr","locations":[{"start":{"line":307,"column":31},"end":{"line":307,"column":35}},{"start":{"line":307,"column":38},"end":{"line":307,"column":78}}],"line":307},"46":{"loc":{"start":{"line":332,"column":19},"end":{"line":332,"column":71}},"type":"cond-expr","locations":[{"start":{"line":332,"column":38},"end":{"line":332,"column":66}},{"start":{"line":332,"column":69},"end":{"line":332,"column":71}}],"line":332},"47":{"loc":{"start":{"line":333,"column":23},"end":{"line":333,"column":79}},"type":"cond-expr","locations":[{"start":{"line":333,"column":42},"end":{"line":333,"column":74}},{"start":{"line":333,"column":77},"end":{"line":333,"column":79}}],"line":333}},"s":{"0":1,"1":1,"2":1,"3":1,"4":1,"5":1,"6":1,"7":1,"8":1,"9":1,"10":1,"11":1,"12":32,"13":32,"14":32,"15":32,"16":32,"17":32,"18":32,"19":32,"20":32,"21":32,"22":32,"23":32,"24":32,"25":32,"26":6,"27":6,"28":6,"29":2,"30":1,"31":6,"32":6,"33":27,"34":6,"35":6,"36":6,"37":6,"38":32,"39":7,"40":3,"41":32,"42":15,"43":10,"44":10,"45":10,"46":10,"47":5,"48":5,"49":5,"50":5,"51":5,"52":5,"53":1,"54":1,"55":1,"56":1,"57":5,"58":5,"59":5,"60":0,"61":0,"62":5,"63":32,"64":9,"65":0,"66":0,"67":32,"68":0,"69":0,"70":0,"71":0,"72":0,"73":32,"74":4,"75":32,"76":0,"77":0,"78":32,"79":0,"80":0,"81":32,"82":0,"83":0,"84":0,"85":0,"86":0,"87":0,"88":32,"89":0,"90":0,"91":0,"92":0,"93":0,"94":0,"95":0,"96":0,"97":32,"98":0,"99":0,"100":0,"101":0,"102":32,"103":3,"104":3,"105":3,"106":3,"107":3,"108":3,"109":3,"110":3,"111":3,"112":3,"113":1,"114":3,"115":32,"116":1,"117":1,"118":1,"119":0,"120":0,"121":1,"122":1,"123":32,"124":25,"125":2,"126":1,"127":1,"128":1,"129":1,"130":0,"131":0,"132":0,"133":0,"134":2,"135":2,"136":1,"137":0,"138":1,"139":1,"140":1,"141":10,"142":10,"143":12,"144":12,"145":0,"146":32,"147":22,"148":0,"149":22,"150":10,"151":12,"152":22,"153":22,"154":0,"155":0,"156":0,"157":0,"158":0,"159":0,"160":0,"161":0,"162":22,"163":32,"164":8,"165":8,"166":8,"167":54,"168":8,"169":32,"170":2,"171":2,"172":0,"173":0,"174":0,"175":32,"176":4,"177":0,"178":4,"179":32,"180":1,"181":32,"182":32,"183":32,"184":32,"185":32,"186":32,"187":32,"188":32,"189":32,"190":32,"191":32,"192":32,"193":32,"194":32,"195":32,"196":32},"f":{"0":32,"1":6,"2":2,"3":1,"4":27,"5":7,"6":15,"7":9,"8":0,"9":4,"10":0,"11":0,"12":0,"13":0,"14":0,"15":0,"16":3,"17":1,"18":0,"19":25,"20":22,"21":8,"22":2,"23":4,"24":32},"b":{"0":[3,3],"1":[3,0],"2":[3,3],"3":[0,3],"4":[3,3],"5":[0,3],"6":[3,3],"7":[3,4],"8":[10,5],"9":[1,4],"10":[0,5],"11":[0,9],"12":[0,0],"13":[0,0],"14":[0,0],"15":[3,0],"16":[2,1],"17":[1,2],"18":[0,0],"19":[0,0],"20":[2,1,10,12,0],"21":[1,1],"22":[1,0],"23":[1,0],"24":[1,1],"25":[2,0],"26":[0,1],"27":[1,0],"28":[0,22],"29":[10,12],"30":[1,9],"31":[1,11],"32":[0,22],"33":[22,10],"34":[0,0],"35":[0,0],"36":[0,0],"37":[0,0],"38":[0,0],"39":[0,0],"40":[22,0],"41":[3,51],"42":[0,2],"43":[0,4],"44":[4,4],"45":[2,2],"46":[21,11],"47":[21,11]},"_coverageSchema":"43e27e138ebf9cfc5966b082cf9a028302ed4184","hash":"08523dcabbcde8f4020de757248f9aee3ee03413"}
,"/Users/hzr/hzr/front-end/test-react-select/src/view.js": {"path":"/Users/hzr/hzr/front-end/test-react-select/src/view.js","statementMap":{"0":{"start":{"line":4,"column":14},"end":{"line":88,"column":2}},"1":{"start":{"line":12,"column":6},"end":{"line":12,"column":11}},"2":{"start":{"line":20,"column":6},"end":{"line":20,"column":12}},"3":{"start":{"line":25,"column":6},"end":{"line":25,"column":14}},"4":{"start":{"line":33,"column":6},"end":{"line":33,"column":10}},"5":{"start":{"line":34,"column":2},"end":{"line":87,"column":4}},"6":{"start":{"line":39,"column":10},"end":{"line":39,"column":55}},"7":{"start":{"line":56,"column":14},"end":{"line":56,"column":53}},"8":{"start":{"line":63,"column":12},"end":{"line":63,"column":32}},"9":{"start":{"line":64,"column":12},"end":{"line":64,"column":50}},"10":{"start":{"line":90,"column":22},"end":{"line":146,"column":1}},"11":{"start":{"line":104,"column":4},"end":{"line":144,"column":10}},"12":{"start":{"line":117,"column":14},"end":{"line":132,"column":16}},"13":{"start":{"line":122,"column":20},"end":{"line":122,"column":46}},"14":{"start":{"line":125,"column":20},"end":{"line":127,"column":21}},"15":{"start":{"line":126,"column":22},"end":{"line":126,"column":46}}},"fnMap":{"0":{"name":"(anonymous_0)","decl":{"start":{"line":4,"column":19},"end":{"line":4,"column":20}},"loc":{"start":{"line":4,"column":28},"end":{"line":88,"column":1}},"line":4},"1":{"name":"(anonymous_1)","decl":{"start":{"line":38,"column":17},"end":{"line":38,"column":18}},"loc":{"start":{"line":38,"column":23},"end":{"line":40,"column":9}},"line":38},"2":{"name":"(anonymous_2)","decl":{"start":{"line":55,"column":22},"end":{"line":55,"column":23}},"loc":{"start":{"line":55,"column":27},"end":{"line":57,"column":13}},"line":55},"3":{"name":"(anonymous_3)","decl":{"start":{"line":62,"column":19},"end":{"line":62,"column":20}},"loc":{"start":{"line":62,"column":24},"end":{"line":65,"column":11}},"line":62},"4":{"name":"(anonymous_4)","decl":{"start":{"line":91,"column":2},"end":{"line":91,"column":3}},"loc":{"start":{"line":104,"column":4},"end":{"line":144,"column":10}},"line":104},"5":{"name":"(anonymous_5)","decl":{"start":{"line":116,"column":36},"end":{"line":116,"column":37}},"loc":{"start":{"line":116,"column":53},"end":{"line":133,"column":13}},"line":116},"6":{"name":"(anonymous_6)","decl":{"start":{"line":121,"column":27},"end":{"line":121,"column":28}},"loc":{"start":{"line":121,"column":33},"end":{"line":123,"column":19}},"line":121},"7":{"name":"(anonymous_7)","decl":{"start":{"line":124,"column":23},"end":{"line":124,"column":24}},"loc":{"start":{"line":124,"column":30},"end":{"line":128,"column":19}},"line":124}},"branchMap":{"0":{"loc":{"start":{"line":45,"column":17},"end":{"line":45,"column":57}},"type":"binary-expr","locations":[{"start":{"line":45,"column":17},"end":{"line":45,"column":28}},{"start":{"line":45,"column":32},"end":{"line":45,"column":57}}],"line":45},"1":{"loc":{"start":{"line":67,"column":11},"end":{"line":67,"column":62}},"type":"cond-expr","locations":[{"start":{"line":67,"column":54},"end":{"line":67,"column":57}},{"start":{"line":67,"column":60},"end":{"line":67,"column":62}}],"line":67},"2":{"loc":{"start":{"line":106,"column":24},"end":{"line":106,"column":71}},"type":"cond-expr","locations":[{"start":{"line":106,"column":55},"end":{"line":106,"column":62}},{"start":{"line":106,"column":65},"end":{"line":106,"column":71}}],"line":106},"3":{"loc":{"start":{"line":112,"column":17},"end":{"line":112,"column":58}},"type":"binary-expr","locations":[{"start":{"line":112,"column":17},"end":{"line":112,"column":28}},{"start":{"line":112,"column":32},"end":{"line":112,"column":58}}],"line":112},"4":{"loc":{"start":{"line":114,"column":11},"end":{"line":114,"column":63}},"type":"binary-expr","locations":[{"start":{"line":114,"column":11},"end":{"line":114,"column":28}},{"start":{"line":114,"column":32},"end":{"line":114,"column":63}}],"line":114},"5":{"loc":{"start":{"line":115,"column":11},"end":{"line":133,"column":14}},"type":"binary-expr","locations":[{"start":{"line":115,"column":11},"end":{"line":115,"column":29}},{"start":{"line":116,"column":12},"end":{"line":133,"column":14}}],"line":115},"6":{"loc":{"start":{"line":119,"column":38},"end":{"line":119,"column":77}},"type":"cond-expr","locations":[{"start":{"line":119,"column":61},"end":{"line":119,"column":72}},{"start":{"line":119,"column":75},"end":{"line":119,"column":77}}],"line":119},"7":{"loc":{"start":{"line":119,"column":80},"end":{"line":119,"column":124}},"type":"cond-expr","locations":[{"start":{"line":119,"column":111},"end":{"line":119,"column":119}},{"start":{"line":119,"column":122},"end":{"line":119,"column":124}}],"line":119},"8":{"loc":{"start":{"line":119,"column":127},"end":{"line":119,"column":168}},"type":"cond-expr","locations":[{"start":{"line":119,"column":152},"end":{"line":119,"column":163}},{"start":{"line":119,"column":166},"end":{"line":119,"column":168}}],"line":119},"9":{"loc":{"start":{"line":125,"column":20},"end":{"line":127,"column":21}},"type":"if","locations":[{"start":{"line":125,"column":20},"end":{"line":127,"column":21}},{"start":{"line":125,"column":20},"end":{"line":127,"column":21}}],"line":125},"10":{"loc":{"start":{"line":134,"column":11},"end":{"line":138,"column":11}},"type":"binary-expr","locations":[{"start":{"line":134,"column":11},"end":{"line":134,"column":29}},{"start":{"line":134,"column":33},"end":{"line":134,"column":65}},{"start":{"line":135,"column":12},"end":{"line":137,"column":16}}],"line":134},"11":{"loc":{"start":{"line":136,"column":15},"end":{"line":136,"column":58}},"type":"cond-expr","locations":[{"start":{"line":136,"column":33},"end":{"line":136,"column":48}},{"start":{"line":136,"column":51},"end":{"line":136,"column":58}}],"line":136}},"s":{"0":1,"1":30,"2":30,"3":30,"4":30,"5":30,"6":4,"7":1,"8":1,"9":1,"10":1,"11":30,"12":153,"13":1,"14":279,"15":22},"f":{"0":30,"1":4,"2":1,"3":1,"4":30,"5":153,"6":1,"7":279},"b":{"0":[30,10],"1":[9,21],"2":[12,18],"3":[30,10],"4":[30,0],"5":[30,30],"6":[5,148],"7":[12,141],"8":[0,153],"9":[22,257],"10":[30,30,13],"11":[0,13]},"_coverageSchema":"43e27e138ebf9cfc5966b082cf9a028302ed4184","hash":"c8520f539e62771b05cbd0eb4deb385d1f9c28dc"}
}
