{"/Users/hzr/hzr/front-end/test-react-select/src/index.js": {"path":"/Users/hzr/hzr/front-end/test-react-select/src/index.js","statementMap":{"0":{"start":{"line":4,"column":28},"end":{"line":4,"column":30}},"1":{"start":{"line":5,"column":20},"end":{"line":5,"column":24}},"2":{"start":{"line":6,"column":26},"end":{"line":6,"column":28}},"3":{"start":{"line":7,"column":27},"end":{"line":7,"column":29}},"4":{"start":{"line":8,"column":26},"end":{"line":8,"column":31}},"5":{"start":{"line":9,"column":22},"end":{"line":9,"column":23}},"6":{"start":{"line":10,"column":27},"end":{"line":10,"column":32}},"7":{"start":{"line":11,"column":25},"end":{"line":11,"column":30}},"8":{"start":{"line":12,"column":27},"end":{"line":12,"column":29}},"9":{"start":{"line":13,"column":22},"end":{"line":13,"column":26}},"10":{"start":{"line":14,"column":27},"end":{"line":14,"column":29}},"11":{"start":{"line":16,"column":14},"end":{"line":338,"column":2}},"12":{"start":{"line":17,"column":27},"end":{"line":17,"column":42}},"13":{"start":{"line":18,"column":26},"end":{"line":18,"column":38}},"14":{"start":{"line":19,"column":32},"end":{"line":19,"column":44}},"15":{"start":{"line":20,"column":27},"end":{"line":20,"column":39}},"16":{"start":{"line":21,"column":26},"end":{"line":21,"column":55}},"17":{"start":{"line":22,"column":25},"end":{"line":22,"column":40}},"18":{"start":{"line":23,"column":20},"end":{"line":23,"column":32}},"19":{"start":{"line":24,"column":19},"end":{"line":24,"column":31}},"20":{"start":{"line":25,"column":21},"end":{"line":25,"column":33}},"21":{"start":{"line":26,"column":23},"end":{"line":26,"column":35}},"22":{"start":{"line":27,"column":30},"end":{"line":27,"column":42}},"23":{"start":{"line":28,"column":20},"end":{"line":28,"column":32}},"24":{"start":{"line":29,"column":22},"end":{"line":29,"column":38}},"25":{"start":{"line":31,"column":2},"end":{"line":47,"column":25}},"26":{"start":{"line":32,"column":4},"end":{"line":32,"column":30}},"27":{"start":{"line":33,"column":24},"end":{"line":33,"column":119}},"28":{"start":{"line":35,"column":4},"end":{"line":35,"column":136}},"29":{"start":{"line":35,"column":100},"end":{"line":35,"column":111}},"30":{"start":{"line":35,"column":122},"end":{"line":35,"column":133}},"31":{"start":{"line":36,"column":4},"end":{"line":39,"column":20}},"32":{"start":{"line":40,"column":4},"end":{"line":42,"column":7}},"33":{"start":{"line":41,"column":6},"end":{"line":41,"column":74}},"34":{"start":{"line":43,"column":4},"end":{"line":43,"column":53}},"35":{"start":{"line":44,"column":4},"end":{"line":44,"column":51}},"36":{"start":{"line":45,"column":4},"end":{"line":45,"column":51}},"37":{"start":{"line":46,"column":4},"end":{"line":46,"column":77}},"38":{"start":{"line":49,"column":2},"end":{"line":53,"column":22}},"39":{"start":{"line":50,"column":4},"end":{"line":52,"column":5}},"40":{"start":{"line":51,"column":6},"end":{"line":51,"column":58}},"41":{"start":{"line":55,"column":2},"end":{"line":93,"column":28}},"42":{"start":{"line":57,"column":4},"end":{"line":70,"column":5}},"43":{"start":{"line":58,"column":6},"end":{"line":58,"column":48}},"44":{"start":{"line":59,"column":6},"end":{"line":59,"column":45}},"45":{"start":{"line":60,"column":6},"end":{"line":60,"column":48}},"46":{"start":{"line":61,"column":6},"end":{"line":61,"column":13}},"47":{"start":{"line":63,"column":6},"end":{"line":63,"column":32}},"48":{"start":{"line":64,"column":6},"end":{"line":64,"column":35}},"49":{"start":{"line":65,"column":6},"end":{"line":65,"column":46}},"50":{"start":{"line":66,"column":6},"end":{"line":68,"column":9}},"51":{"start":{"line":69,"column":6},"end":{"line":69,"column":29}},"52":{"start":{"line":72,"column":4},"end":{"line":81,"column":5}},"53":{"start":{"line":73,"column":6},"end":{"line":73,"column":58}},"54":{"start":{"line":74,"column":6},"end":{"line":74,"column":66}},"55":{"start":{"line":76,"column":6},"end":{"line":79,"column":8}},"56":{"start":{"line":80,"column":6},"end":{"line":80,"column":73}},"57":{"start":{"line":83,"column":4},"end":{"line":83,"column":50}},"58":{"start":{"line":84,"column":4},"end":{"line":84,"column":69}},"59":{"start":{"line":85,"column":4},"end":{"line":85,"column":49}},"60":{"start":{"line":86,"column":4},"end":{"line":91,"column":5}},"61":{"start":{"line":87,"column":6},"end":{"line":87,"column":58}},"62":{"start":{"line":88,"column":6},"end":{"line":90,"column":15}},"63":{"start":{"line":92,"column":4},"end":{"line":92,"column":26}},"64":{"start":{"line":95,"column":2},"end":{"line":102,"column":26}},"65":{"start":{"line":96,"column":4},"end":{"line":101,"column":5}},"66":{"start":{"line":97,"column":6},"end":{"line":97,"column":58}},"67":{"start":{"line":98,"column":6},"end":{"line":100,"column":15}},"68":{"start":{"line":104,"column":29},"end":{"line":113,"column":3}},"69":{"start":{"line":105,"column":4},"end":{"line":112,"column":5}},"70":{"start":{"line":106,"column":21},"end":{"line":106,"column":79}},"71":{"start":{"line":107,"column":28},"end":{"line":107,"column":65}},"72":{"start":{"line":109,"column":8},"end":{"line":109,"column":64}},"73":{"start":{"line":110,"column":6},"end":{"line":111,"column":73}},"74":{"start":{"line":115,"column":33},"end":{"line":117,"column":8}},"75":{"start":{"line":116,"column":4},"end":{"line":116,"column":32}},"76":{"start":{"line":119,"column":23},"end":{"line":123,"column":3}},"77":{"start":{"line":121,"column":6},"end":{"line":121,"column":76}},"78":{"start":{"line":122,"column":4},"end":{"line":122,"column":67}},"79":{"start":{"line":125,"column":25},"end":{"line":130,"column":3}},"80":{"start":{"line":126,"column":4},"end":{"line":126,"column":17}},"81":{"start":{"line":127,"column":4},"end":{"line":129,"column":64}},"82":{"start":{"line":132,"column":20},"end":{"line":139,"column":3}},"83":{"start":{"line":133,"column":4},"end":{"line":133,"column":33}},"84":{"start":{"line":135,"column":4},"end":{"line":135,"column":31}},"85":{"start":{"line":136,"column":4},"end":{"line":136,"column":60}},"86":{"start":{"line":137,"column":4},"end":{"line":137,"column":56}},"87":{"start":{"line":138,"column":4},"end":{"line":138,"column":41}},"88":{"start":{"line":138,"column":35},"end":{"line":138,"column":40}},"89":{"start":{"line":141,"column":26},"end":{"line":158,"column":3}},"90":{"start":{"line":142,"column":4},"end":{"line":144,"column":5}},"91":{"start":{"line":143,"column":6},"end":{"line":143,"column":13}},"92":{"start":{"line":145,"column":4},"end":{"line":147,"column":5}},"93":{"start":{"line":146,"column":6},"end":{"line":146,"column":13}},"94":{"start":{"line":149,"column":6},"end":{"line":150,"column":8}},"95":{"start":{"line":152,"column":6},"end":{"line":152,"column":57}},"96":{"start":{"line":154,"column":6},"end":{"line":155,"column":46}},"97":{"start":{"line":156,"column":4},"end":{"line":157,"column":76}},"98":{"start":{"line":160,"column":24},"end":{"line":165,"column":3}},"99":{"start":{"line":161,"column":4},"end":{"line":161,"column":32}},"100":{"start":{"line":162,"column":4},"end":{"line":162,"column":24}},"101":{"start":{"line":163,"column":4},"end":{"line":163,"column":63}},"102":{"start":{"line":164,"column":4},"end":{"line":164,"column":34}},"103":{"start":{"line":167,"column":23},"end":{"line":187,"column":3}},"104":{"start":{"line":168,"column":4},"end":{"line":186,"column":5}},"105":{"start":{"line":169,"column":6},"end":{"line":169,"column":39}},"106":{"start":{"line":170,"column":6},"end":{"line":170,"column":33}},"107":{"start":{"line":171,"column":6},"end":{"line":171,"column":38}},"108":{"start":{"line":172,"column":6},"end":{"line":172,"column":46}},"109":{"start":{"line":174,"column":23},"end":{"line":174,"column":68}},"110":{"start":{"line":175,"column":6},"end":{"line":175,"column":43}},"111":{"start":{"line":176,"column":6},"end":{"line":176,"column":41}},"112":{"start":{"line":177,"column":6},"end":{"line":181,"column":8}},"113":{"start":{"line":182,"column":6},"end":{"line":184,"column":7}},"114":{"start":{"line":183,"column":8},"end":{"line":183,"column":31}},"115":{"start":{"line":185,"column":6},"end":{"line":185,"column":34}},"116":{"start":{"line":189,"column":33},"end":{"line":202,"column":3}},"117":{"start":{"line":190,"column":4},"end":{"line":190,"column":28}},"118":{"start":{"line":191,"column":28},"end":{"line":191,"column":30}},"119":{"start":{"line":192,"column":4},"end":{"line":199,"column":7}},"120":{"start":{"line":193,"column":6},"end":{"line":198,"column":7}},"121":{"start":{"line":194,"column":8},"end":{"line":197,"column":11}},"122":{"start":{"line":200,"column":4},"end":{"line":200,"column":50}},"123":{"start":{"line":201,"column":4},"end":{"line":201,"column":48}},"124":{"start":{"line":204,"column":24},"end":{"line":244,"column":3}},"125":{"start":{"line":205,"column":4},"end":{"line":243,"column":5}},"126":{"start":{"line":207,"column":8},"end":{"line":221,"column":9}},"127":{"start":{"line":208,"column":10},"end":{"line":208,"column":36}},"128":{"start":{"line":209,"column":15},"end":{"line":221,"column":9}},"129":{"start":{"line":210,"column":10},"end":{"line":220,"column":11}},"130":{"start":{"line":211,"column":12},"end":{"line":211,"column":68}},"131":{"start":{"line":213,"column":29},"end":{"line":216,"column":13}},"132":{"start":{"line":217,"column":12},"end":{"line":217,"column":44}},"133":{"start":{"line":218,"column":12},"end":{"line":218,"column":42}},"134":{"start":{"line":219,"column":12},"end":{"line":219,"column":39}},"135":{"start":{"line":222,"column":8},"end":{"line":222,"column":72}},"136":{"start":{"line":223,"column":8},"end":{"line":223,"column":14}},"137":{"start":{"line":226,"column":8},"end":{"line":228,"column":9}},"138":{"start":{"line":227,"column":10},"end":{"line":227,"column":17}},"139":{"start":{"line":229,"column":8},"end":{"line":229,"column":35}},"140":{"start":{"line":230,"column":8},"end":{"line":230,"column":72}},"141":{"start":{"line":231,"column":8},"end":{"line":231,"column":14}},"142":{"start":{"line":234,"column":8},"end":{"line":234,"column":31}},"143":{"start":{"line":235,"column":8},"end":{"line":235,"column":14}},"144":{"start":{"line":238,"column":8},"end":{"line":238,"column":31}},"145":{"start":{"line":239,"column":8},"end":{"line":239,"column":14}},"146":{"start":{"line":242,"column":8},"end":{"line":242,"column":14}},"147":{"start":{"line":246,"column":22},"end":{"line":284,"column":3}},"148":{"start":{"line":247,"column":4},"end":{"line":249,"column":5}},"149":{"start":{"line":248,"column":6},"end":{"line":248,"column":12}},"150":{"start":{"line":251,"column":4},"end":{"line":261,"column":5}},"151":{"start":{"line":252,"column":6},"end":{"line":255,"column":36}},"152":{"start":{"line":257,"column":6},"end":{"line":260,"column":36}},"153":{"start":{"line":262,"column":4},"end":{"line":262,"column":44}},"154":{"start":{"line":264,"column":4},"end":{"line":282,"column":5}},"155":{"start":{"line":267,"column":6},"end":{"line":281,"column":7}},"156":{"start":{"line":269,"column":10},"end":{"line":270,"column":56}},"157":{"start":{"line":271,"column":8},"end":{"line":273,"column":9}},"158":{"start":{"line":272,"column":10},"end":{"line":272,"column":53}},"159":{"start":{"line":274,"column":13},"end":{"line":281,"column":7}},"160":{"start":{"line":276,"column":10},"end":{"line":277,"column":59}},"161":{"start":{"line":278,"column":8},"end":{"line":280,"column":9}},"162":{"start":{"line":279,"column":10},"end":{"line":279,"column":53}},"163":{"start":{"line":283,"column":4},"end":{"line":283,"column":68}},"164":{"start":{"line":286,"column":25},"end":{"line":292,"column":3}},"165":{"start":{"line":287,"column":16},"end":{"line":287,"column":21}},"166":{"start":{"line":288,"column":4},"end":{"line":290,"column":5}},"167":{"start":{"line":288,"column":17},"end":{"line":288,"column":18}},"168":{"start":{"line":289,"column":6},"end":{"line":289,"column":58}},"169":{"start":{"line":291,"column":4},"end":{"line":291,"column":15}},"170":{"start":{"line":294,"column":26},"end":{"line":301,"column":3}},"171":{"start":{"line":295,"column":20},"end":{"line":295,"column":79}},"172":{"start":{"line":296,"column":4},"end":{"line":300,"column":5}},"173":{"start":{"line":297,"column":6},"end":{"line":297,"column":33}},"174":{"start":{"line":298,"column":6},"end":{"line":298,"column":35}},"175":{"start":{"line":299,"column":6},"end":{"line":299,"column":33}},"176":{"start":{"line":303,"column":24},"end":{"line":309,"column":3}},"177":{"start":{"line":305,"column":4},"end":{"line":307,"column":5}},"178":{"start":{"line":306,"column":6},"end":{"line":306,"column":19}},"179":{"start":{"line":308,"column":4},"end":{"line":308,"column":79}},"180":{"start":{"line":310,"column":2},"end":{"line":337,"column":4}},"181":{"start":{"line":340,"column":23},"end":{"line":363,"column":1}},"182":{"start":{"line":341,"column":23},"end":{"line":341,"column":24}},"183":{"start":{"line":342,"column":16},"end":{"line":342,"column":45}},"184":{"start":{"line":344,"column":2},"end":{"line":344,"column":30}},"185":{"start":{"line":345,"column":2},"end":{"line":345,"column":36}},"186":{"start":{"line":346,"column":2},"end":{"line":346,"column":36}},"187":{"start":{"line":347,"column":2},"end":{"line":347,"column":30}},"188":{"start":{"line":348,"column":2},"end":{"line":348,"column":35}},"189":{"start":{"line":350,"column":24},"end":{"line":350,"column":41}},"190":{"start":{"line":352,"column":2},"end":{"line":352,"column":34}},"191":{"start":{"line":354,"column":16},"end":{"line":354,"column":45}},"192":{"start":{"line":355,"column":2},"end":{"line":355,"column":29}},"193":{"start":{"line":356,"column":2},"end":{"line":356,"column":27}},"194":{"start":{"line":358,"column":27},"end":{"line":358,"column":44}},"195":{"start":{"line":359,"column":2},"end":{"line":359,"column":38}},"196":{"start":{"line":360,"column":2},"end":{"line":360,"column":52}},"197":{"start":{"line":362,"column":2},"end":{"line":362,"column":24}}},"fnMap":{"0":{"name":"(anonymous_0)","decl":{"start":{"line":16,"column":19},"end":{"line":16,"column":20}},"loc":{"start":{"line":16,"column":28},"end":{"line":338,"column":1}},"line":16},"1":{"name":"(anonymous_1)","decl":{"start":{"line":31,"column":12},"end":{"line":31,"column":13}},"loc":{"start":{"line":31,"column":18},"end":{"line":47,"column":3}},"line":31},"2":{"name":"(anonymous_2)","decl":{"start":{"line":35,"column":93},"end":{"line":35,"column":94}},"loc":{"start":{"line":35,"column":99},"end":{"line":35,"column":112}},"line":35},"3":{"name":"(anonymous_3)","decl":{"start":{"line":35,"column":115},"end":{"line":35,"column":116}},"loc":{"start":{"line":35,"column":121},"end":{"line":35,"column":134}},"line":35},"4":{"name":"(anonymous_4)","decl":{"start":{"line":40,"column":24},"end":{"line":40,"column":25}},"loc":{"start":{"line":40,"column":41},"end":{"line":42,"column":5}},"line":40},"5":{"name":"(anonymous_5)","decl":{"start":{"line":49,"column":12},"end":{"line":49,"column":13}},"loc":{"start":{"line":49,"column":18},"end":{"line":53,"column":3}},"line":49},"6":{"name":"(anonymous_6)","decl":{"start":{"line":55,"column":12},"end":{"line":55,"column":13}},"loc":{"start":{"line":55,"column":18},"end":{"line":93,"column":3}},"line":55},"7":{"name":"(anonymous_7)","decl":{"start":{"line":95,"column":12},"end":{"line":95,"column":13}},"loc":{"start":{"line":95,"column":18},"end":{"line":102,"column":3}},"line":95},"8":{"name":"(anonymous_8)","decl":{"start":{"line":104,"column":29},"end":{"line":104,"column":30}},"loc":{"start":{"line":104,"column":34},"end":{"line":113,"column":3}},"line":104},"9":{"name":"(anonymous_9)","decl":{"start":{"line":115,"column":45},"end":{"line":115,"column":46}},"loc":{"start":{"line":115,"column":55},"end":{"line":117,"column":3}},"line":115},"10":{"name":"(anonymous_10)","decl":{"start":{"line":119,"column":23},"end":{"line":119,"column":24}},"loc":{"start":{"line":119,"column":29},"end":{"line":123,"column":3}},"line":119},"11":{"name":"(anonymous_11)","decl":{"start":{"line":125,"column":25},"end":{"line":125,"column":26}},"loc":{"start":{"line":125,"column":30},"end":{"line":130,"column":3}},"line":125},"12":{"name":"(anonymous_12)","decl":{"start":{"line":132,"column":20},"end":{"line":132,"column":21}},"loc":{"start":{"line":132,"column":25},"end":{"line":139,"column":3}},"line":132},"13":{"name":"(anonymous_13)","decl":{"start":{"line":138,"column":29},"end":{"line":138,"column":30}},"loc":{"start":{"line":138,"column":35},"end":{"line":138,"column":40}},"line":138},"14":{"name":"(anonymous_14)","decl":{"start":{"line":141,"column":26},"end":{"line":141,"column":27}},"loc":{"start":{"line":141,"column":31},"end":{"line":158,"column":3}},"line":141},"15":{"name":"(anonymous_15)","decl":{"start":{"line":160,"column":24},"end":{"line":160,"column":25}},"loc":{"start":{"line":160,"column":29},"end":{"line":165,"column":3}},"line":160},"16":{"name":"(anonymous_16)","decl":{"start":{"line":167,"column":23},"end":{"line":167,"column":24}},"loc":{"start":{"line":167,"column":30},"end":{"line":187,"column":3}},"line":167},"17":{"name":"(anonymous_17)","decl":{"start":{"line":189,"column":33},"end":{"line":189,"column":34}},"loc":{"start":{"line":189,"column":40},"end":{"line":202,"column":3}},"line":189},"18":{"name":"(anonymous_18)","decl":{"start":{"line":192,"column":33},"end":{"line":192,"column":34}},"loc":{"start":{"line":192,"column":41},"end":{"line":199,"column":5}},"line":192},"19":{"name":"(anonymous_19)","decl":{"start":{"line":204,"column":24},"end":{"line":204,"column":25}},"loc":{"start":{"line":204,"column":29},"end":{"line":244,"column":3}},"line":204},"20":{"name":"(anonymous_20)","decl":{"start":{"line":246,"column":22},"end":{"line":246,"column":23}},"loc":{"start":{"line":246,"column":35},"end":{"line":284,"column":3}},"line":246},"21":{"name":"(anonymous_21)","decl":{"start":{"line":286,"column":25},"end":{"line":286,"column":26}},"loc":{"start":{"line":286,"column":42},"end":{"line":292,"column":3}},"line":286},"22":{"name":"(anonymous_22)","decl":{"start":{"line":294,"column":26},"end":{"line":294,"column":27}},"loc":{"start":{"line":294,"column":31},"end":{"line":301,"column":3}},"line":294},"23":{"name":"(anonymous_23)","decl":{"start":{"line":303,"column":24},"end":{"line":303,"column":25}},"loc":{"start":{"line":303,"column":44},"end":{"line":309,"column":3}},"line":303},"24":{"name":"(anonymous_24)","decl":{"start":{"line":340,"column":23},"end":{"line":340,"column":24}},"loc":{"start":{"line":340,"column":29},"end":{"line":363,"column":1}},"line":340}},"branchMap":{"0":{"loc":{"start":{"line":33,"column":24},"end":{"line":33,"column":119}},"type":"cond-expr","locations":[{"start":{"line":33,"column":43},"end":{"line":33,"column":114}},{"start":{"line":33,"column":117},"end":{"line":33,"column":119}}],"line":33},"1":{"loc":{"start":{"line":33,"column":43},"end":{"line":33,"column":114}},"type":"cond-expr","locations":[{"start":{"line":33,"column":85},"end":{"line":33,"column":109}},{"start":{"line":33,"column":112},"end":{"line":33,"column":114}}],"line":33},"2":{"loc":{"start":{"line":35,"column":22},"end":{"line":35,"column":134}},"type":"cond-expr","locations":[{"start":{"line":35,"column":41},"end":{"line":35,"column":112}},{"start":{"line":35,"column":115},"end":{"line":35,"column":134}}],"line":35},"3":{"loc":{"start":{"line":35,"column":41},"end":{"line":35,"column":112}},"type":"cond-expr","locations":[{"start":{"line":35,"column":67},"end":{"line":35,"column":90}},{"start":{"line":35,"column":93},"end":{"line":35,"column":112}}],"line":35},"4":{"loc":{"start":{"line":36,"column":27},"end":{"line":39,"column":19}},"type":"cond-expr","locations":[{"start":{"line":36,"column":46},"end":{"line":38,"column":19}},{"start":{"line":39,"column":8},"end":{"line":39,"column":19}}],"line":36},"5":{"loc":{"start":{"line":36,"column":46},"end":{"line":38,"column":19}},"type":"cond-expr","locations":[{"start":{"line":37,"column":8},"end":{"line":37,"column":36}},{"start":{"line":38,"column":8},"end":{"line":38,"column":19}}],"line":36},"6":{"loc":{"start":{"line":46,"column":22},"end":{"line":46,"column":75}},"type":"cond-expr","locations":[{"start":{"line":46,"column":41},"end":{"line":46,"column":67}},{"start":{"line":46,"column":70},"end":{"line":46,"column":75}}],"line":46},"7":{"loc":{"start":{"line":50,"column":4},"end":{"line":52,"column":5}},"type":"if","locations":[{"start":{"line":50,"column":4},"end":{"line":52,"column":5}},{"start":{"line":50,"column":4},"end":{"line":52,"column":5}}],"line":50},"8":{"loc":{"start":{"line":57,"column":4},"end":{"line":70,"column":5}},"type":"if","locations":[{"start":{"line":57,"column":4},"end":{"line":70,"column":5}},{"start":{"line":57,"column":4},"end":{"line":70,"column":5}}],"line":57},"9":{"loc":{"start":{"line":72,"column":4},"end":{"line":81,"column":5}},"type":"if","locations":[{"start":{"line":72,"column":4},"end":{"line":81,"column":5}},{"start":{"line":72,"column":4},"end":{"line":81,"column":5}}],"line":72},"10":{"loc":{"start":{"line":86,"column":4},"end":{"line":91,"column":5}},"type":"if","locations":[{"start":{"line":86,"column":4},"end":{"line":91,"column":5}},{"start":{"line":86,"column":4},"end":{"line":91,"column":5}}],"line":86},"11":{"loc":{"start":{"line":96,"column":4},"end":{"line":101,"column":5}},"type":"if","locations":[{"start":{"line":96,"column":4},"end":{"line":101,"column":5}},{"start":{"line":96,"column":4},"end":{"line":101,"column":5}}],"line":96},"12":{"loc":{"start":{"line":105,"column":4},"end":{"line":112,"column":5}},"type":"if","locations":[{"start":{"line":105,"column":4},"end":{"line":112,"column":5}},{"start":{"line":105,"column":4},"end":{"line":112,"column":5}}],"line":105},"13":{"loc":{"start":{"line":142,"column":4},"end":{"line":144,"column":5}},"type":"if","locations":[{"start":{"line":142,"column":4},"end":{"line":144,"column":5}},{"start":{"line":142,"column":4},"end":{"line":144,"column":5}}],"line":142},"14":{"loc":{"start":{"line":145,"column":4},"end":{"line":147,"column":5}},"type":"if","locations":[{"start":{"line":145,"column":4},"end":{"line":147,"column":5}},{"start":{"line":145,"column":4},"end":{"line":147,"column":5}}],"line":145},"15":{"loc":{"start":{"line":168,"column":4},"end":{"line":186,"column":5}},"type":"if","locations":[{"start":{"line":168,"column":4},"end":{"line":186,"column":5}},{"start":{"line":168,"column":4},"end":{"line":186,"column":5}}],"line":168},"16":{"loc":{"start":{"line":178,"column":8},"end":{"line":180,"column":32}},"type":"cond-expr","locations":[{"start":{"line":179,"column":12},"end":{"line":179,"column":33}},{"start":{"line":180,"column":12},"end":{"line":180,"column":32}}],"line":178},"17":{"loc":{"start":{"line":182,"column":6},"end":{"line":184,"column":7}},"type":"if","locations":[{"start":{"line":182,"column":6},"end":{"line":184,"column":7}},{"start":{"line":182,"column":6},"end":{"line":184,"column":7}}],"line":182},"18":{"loc":{"start":{"line":193,"column":6},"end":{"line":198,"column":7}},"type":"if","locations":[{"start":{"line":193,"column":6},"end":{"line":198,"column":7}},{"start":{"line":193,"column":6},"end":{"line":198,"column":7}}],"line":193},"19":{"loc":{"start":{"line":196,"column":18},"end":{"line":196,"column":68}},"type":"cond-expr","locations":[{"start":{"line":196,"column":56},"end":{"line":196,"column":60}},{"start":{"line":196,"column":63},"end":{"line":196,"column":68}}],"line":196},"20":{"loc":{"start":{"line":205,"column":4},"end":{"line":243,"column":5}},"type":"switch","locations":[{"start":{"line":206,"column":6},"end":{"line":224,"column":7}},{"start":{"line":225,"column":6},"end":{"line":232,"column":7}},{"start":{"line":233,"column":6},"end":{"line":236,"column":7}},{"start":{"line":237,"column":6},"end":{"line":240,"column":7}},{"start":{"line":241,"column":6},"end":{"line":242,"column":14}}],"line":205},"21":{"loc":{"start":{"line":207,"column":8},"end":{"line":221,"column":9}},"type":"if","locations":[{"start":{"line":207,"column":8},"end":{"line":221,"column":9}},{"start":{"line":207,"column":8},"end":{"line":221,"column":9}}],"line":207},"22":{"loc":{"start":{"line":209,"column":15},"end":{"line":221,"column":9}},"type":"if","locations":[{"start":{"line":209,"column":15},"end":{"line":221,"column":9}},{"start":{"line":209,"column":15},"end":{"line":221,"column":9}}],"line":209},"23":{"loc":{"start":{"line":210,"column":10},"end":{"line":220,"column":11}},"type":"if","locations":[{"start":{"line":210,"column":10},"end":{"line":220,"column":11}},{"start":{"line":210,"column":10},"end":{"line":220,"column":11}}],"line":210},"24":{"loc":{"start":{"line":210,"column":14},"end":{"line":210,"column":77}},"type":"binary-expr","locations":[{"start":{"line":210,"column":14},"end":{"line":210,"column":40}},{"start":{"line":210,"column":44},"end":{"line":210,"column":77}}],"line":210},"25":{"loc":{"start":{"line":222,"column":8},"end":{"line":222,"column":71}},"type":"cond-expr","locations":[{"start":{"line":222,"column":27},"end":{"line":222,"column":45}},{"start":{"line":222,"column":49},"end":{"line":222,"column":70}}],"line":222},"26":{"loc":{"start":{"line":226,"column":8},"end":{"line":228,"column":9}},"type":"if","locations":[{"start":{"line":226,"column":8},"end":{"line":228,"column":9}},{"start":{"line":226,"column":8},"end":{"line":228,"column":9}}],"line":226},"27":{"loc":{"start":{"line":230,"column":8},"end":{"line":230,"column":71}},"type":"cond-expr","locations":[{"start":{"line":230,"column":27},"end":{"line":230,"column":45}},{"start":{"line":230,"column":49},"end":{"line":230,"column":70}}],"line":230},"28":{"loc":{"start":{"line":247,"column":4},"end":{"line":249,"column":5}},"type":"if","locations":[{"start":{"line":247,"column":4},"end":{"line":249,"column":5}},{"start":{"line":247,"column":4},"end":{"line":249,"column":5}}],"line":247},"29":{"loc":{"start":{"line":251,"column":4},"end":{"line":261,"column":5}},"type":"if","locations":[{"start":{"line":251,"column":4},"end":{"line":261,"column":5}},{"start":{"line":251,"column":4},"end":{"line":261,"column":5}}],"line":251},"30":{"loc":{"start":{"line":253,"column":8},"end":{"line":255,"column":35}},"type":"cond-expr","locations":[{"start":{"line":254,"column":12},"end":{"line":254,"column":43}},{"start":{"line":255,"column":12},"end":{"line":255,"column":35}}],"line":253},"31":{"loc":{"start":{"line":258,"column":8},"end":{"line":260,"column":35}},"type":"cond-expr","locations":[{"start":{"line":259,"column":12},"end":{"line":259,"column":13}},{"start":{"line":260,"column":12},"end":{"line":260,"column":35}}],"line":258},"32":{"loc":{"start":{"line":264,"column":4},"end":{"line":282,"column":5}},"type":"if","locations":[{"start":{"line":264,"column":4},"end":{"line":282,"column":5}},{"start":{"line":264,"column":4},"end":{"line":282,"column":5}}],"line":264},"33":{"loc":{"start":{"line":265,"column":6},"end":{"line":265,"column":103}},"type":"binary-expr","locations":[{"start":{"line":265,"column":6},"end":{"line":265,"column":32}},{"start":{"line":265,"column":36},"end":{"line":265,"column":103}}],"line":265},"34":{"loc":{"start":{"line":267,"column":6},"end":{"line":281,"column":7}},"type":"if","locations":[{"start":{"line":267,"column":6},"end":{"line":281,"column":7}},{"start":{"line":267,"column":6},"end":{"line":281,"column":7}}],"line":267},"35":{"loc":{"start":{"line":271,"column":8},"end":{"line":273,"column":9}},"type":"if","locations":[{"start":{"line":271,"column":8},"end":{"line":273,"column":9}},{"start":{"line":271,"column":8},"end":{"line":273,"column":9}}],"line":271},"36":{"loc":{"start":{"line":271,"column":12},"end":{"line":271,"column":123}},"type":"binary-expr","locations":[{"start":{"line":271,"column":12},"end":{"line":271,"column":22}},{"start":{"line":271,"column":26},"end":{"line":271,"column":123}}],"line":271},"37":{"loc":{"start":{"line":274,"column":13},"end":{"line":281,"column":7}},"type":"if","locations":[{"start":{"line":274,"column":13},"end":{"line":281,"column":7}},{"start":{"line":274,"column":13},"end":{"line":281,"column":7}}],"line":274},"38":{"loc":{"start":{"line":278,"column":8},"end":{"line":280,"column":9}},"type":"if","locations":[{"start":{"line":278,"column":8},"end":{"line":280,"column":9}},{"start":{"line":278,"column":8},"end":{"line":280,"column":9}}],"line":278},"39":{"loc":{"start":{"line":278,"column":12},"end":{"line":278,"column":123}},"type":"binary-expr","locations":[{"start":{"line":278,"column":12},"end":{"line":278,"column":22}},{"start":{"line":278,"column":26},"end":{"line":278,"column":123}}],"line":278},"40":{"loc":{"start":{"line":283,"column":4},"end":{"line":283,"column":67}},"type":"cond-expr","locations":[{"start":{"line":283,"column":23},"end":{"line":283,"column":41}},{"start":{"line":283,"column":45},"end":{"line":283,"column":66}}],"line":283},"41":{"loc":{"start":{"line":289,"column":22},"end":{"line":289,"column":57}},"type":"cond-expr","locations":[{"start":{"line":289,"column":45},"end":{"line":289,"column":49}},{"start":{"line":289,"column":52},"end":{"line":289,"column":57}}],"line":289},"42":{"loc":{"start":{"line":296,"column":4},"end":{"line":300,"column":5}},"type":"if","locations":[{"start":{"line":296,"column":4},"end":{"line":300,"column":5}},{"start":{"line":296,"column":4},"end":{"line":300,"column":5}}],"line":296},"43":{"loc":{"start":{"line":305,"column":4},"end":{"line":307,"column":5}},"type":"if","locations":[{"start":{"line":305,"column":4},"end":{"line":307,"column":5}},{"start":{"line":305,"column":4},"end":{"line":307,"column":5}}],"line":305},"44":{"loc":{"start":{"line":305,"column":8},"end":{"line":305,"column":38}},"type":"binary-expr","locations":[{"start":{"line":305,"column":8},"end":{"line":305,"column":15}},{"start":{"line":305,"column":19},"end":{"line":305,"column":38}}],"line":305},"45":{"loc":{"start":{"line":308,"column":11},"end":{"line":308,"column":78}},"type":"cond-expr","locations":[{"start":{"line":308,"column":31},"end":{"line":308,"column":35}},{"start":{"line":308,"column":38},"end":{"line":308,"column":78}}],"line":308},"46":{"loc":{"start":{"line":333,"column":19},"end":{"line":333,"column":71}},"type":"cond-expr","locations":[{"start":{"line":333,"column":38},"end":{"line":333,"column":66}},{"start":{"line":333,"column":69},"end":{"line":333,"column":71}}],"line":333},"47":{"loc":{"start":{"line":334,"column":23},"end":{"line":334,"column":79}},"type":"cond-expr","locations":[{"start":{"line":334,"column":42},"end":{"line":334,"column":74}},{"start":{"line":334,"column":77},"end":{"line":334,"column":79}}],"line":334}},"s":{"0":1,"1":1,"2":1,"3":1,"4":1,"5":1,"6":1,"7":1,"8":1,"9":1,"10":1,"11":1,"12":32,"13":32,"14":32,"15":32,"16":32,"17":32,"18":32,"19":32,"20":32,"21":32,"22":32,"23":32,"24":32,"25":32,"26":6,"27":6,"28":6,"29":2,"30":1,"31":6,"32":6,"33":27,"34":6,"35":6,"36":6,"37":6,"38":32,"39":7,"40":3,"41":32,"42":15,"43":10,"44":10,"45":10,"46":10,"47":5,"48":5,"49":5,"50":5,"51":5,"52":5,"53":1,"54":1,"55":1,"56":1,"57":5,"58":5,"59":5,"60":5,"61":0,"62":0,"63":5,"64":32,"65":9,"66":0,"67":0,"68":32,"69":0,"70":0,"71":0,"72":0,"73":0,"74":32,"75":4,"76":32,"77":0,"78":0,"79":32,"80":0,"81":0,"82":32,"83":0,"84":0,"85":0,"86":0,"87":0,"88":0,"89":32,"90":0,"91":0,"92":0,"93":0,"94":0,"95":0,"96":0,"97":0,"98":32,"99":0,"100":0,"101":0,"102":0,"103":32,"104":3,"105":3,"106":3,"107":3,"108":3,"109":3,"110":3,"111":3,"112":3,"113":3,"114":1,"115":3,"116":32,"117":1,"118":1,"119":1,"120":0,"121":0,"122":1,"123":1,"124":32,"125":25,"126":2,"127":1,"128":1,"129":1,"130":1,"131":0,"132":0,"133":0,"134":0,"135":2,"136":2,"137":1,"138":0,"139":1,"140":1,"141":1,"142":10,"143":10,"144":12,"145":12,"146":0,"147":32,"148":22,"149":0,"150":22,"151":10,"152":12,"153":22,"154":22,"155":0,"156":0,"157":0,"158":0,"159":0,"160":0,"161":0,"162":0,"163":22,"164":32,"165":8,"166":8,"167":8,"168":54,"169":8,"170":32,"171":2,"172":2,"173":0,"174":0,"175":0,"176":32,"177":4,"178":0,"179":4,"180":32,"181":1,"182":32,"183":32,"184":32,"185":32,"186":32,"187":32,"188":32,"189":32,"190":32,"191":32,"192":32,"193":32,"194":32,"195":32,"196":32,"197":32},"f":{"0":32,"1":6,"2":2,"3":1,"4":27,"5":7,"6":15,"7":9,"8":0,"9":4,"10":0,"11":0,"12":0,"13":0,"14":0,"15":0,"16":3,"17":1,"18":0,"19":25,"20":22,"21":8,"22":2,"23":4,"24":32},"b":{"0":[3,3],"1":[3,0],"2":[3,3],"3":[0,3],"4":[3,3],"5":[0,3],"6":[3,3],"7":[3,4],"8":[10,5],"9":[1,4],"10":[0,5],"11":[0,9],"12":[0,0],"13":[0,0],"14":[0,0],"15":[3,0],"16":[2,1],"17":[1,2],"18":[0,0],"19":[0,0],"20":[2,1,10,12,0],"21":[1,1],"22":[1,0],"23":[1,0],"24":[1,1],"25":[2,0],"26":[0,1],"27":[1,0],"28":[0,22],"29":[10,12],"30":[1,9],"31":[1,11],"32":[0,22],"33":[22,10],"34":[0,0],"35":[0,0],"36":[0,0],"37":[0,0],"38":[0,0],"39":[0,0],"40":[22,0],"41":[3,51],"42":[0,2],"43":[0,4],"44":[4,4],"45":[2,2],"46":[21,11],"47":[21,11]},"_coverageSchema":"43e27e138ebf9cfc5966b082cf9a028302ed4184","hash":"71c003be8638c4747e9e979b022f50535c2564cd"}
,"/Users/hzr/hzr/front-end/test-react-select/src/view.js": {"path":"/Users/hzr/hzr/front-end/test-react-select/src/view.js","statementMap":{"0":{"start":{"line":4,"column":14},"end":{"line":88,"column":2}},"1":{"start":{"line":12,"column":6},"end":{"line":12,"column":11}},"2":{"start":{"line":20,"column":6},"end":{"line":20,"column":12}},"3":{"start":{"line":25,"column":6},"end":{"line":25,"column":14}},"4":{"start":{"line":33,"column":6},"end":{"line":33,"column":10}},"5":{"start":{"line":34,"column":2},"end":{"line":87,"column":4}},"6":{"start":{"line":39,"column":10},"end":{"line":39,"column":55}},"7":{"start":{"line":56,"column":14},"end":{"line":56,"column":53}},"8":{"start":{"line":63,"column":12},"end":{"line":63,"column":32}},"9":{"start":{"line":64,"column":12},"end":{"line":64,"column":50}},"10":{"start":{"line":90,"column":22},"end":{"line":146,"column":1}},"11":{"start":{"line":104,"column":4},"end":{"line":144,"column":10}},"12":{"start":{"line":117,"column":14},"end":{"line":132,"column":16}},"13":{"start":{"line":122,"column":20},"end":{"line":122,"column":46}},"14":{"start":{"line":125,"column":20},"end":{"line":127,"column":21}},"15":{"start":{"line":126,"column":22},"end":{"line":126,"column":46}}},"fnMap":{"0":{"name":"(anonymous_0)","decl":{"start":{"line":4,"column":19},"end":{"line":4,"column":20}},"loc":{"start":{"line":4,"column":28},"end":{"line":88,"column":1}},"line":4},"1":{"name":"(anonymous_1)","decl":{"start":{"line":38,"column":17},"end":{"line":38,"column":18}},"loc":{"start":{"line":38,"column":23},"end":{"line":40,"column":9}},"line":38},"2":{"name":"(anonymous_2)","decl":{"start":{"line":55,"column":22},"end":{"line":55,"column":23}},"loc":{"start":{"line":55,"column":27},"end":{"line":57,"column":13}},"line":55},"3":{"name":"(anonymous_3)","decl":{"start":{"line":62,"column":19},"end":{"line":62,"column":20}},"loc":{"start":{"line":62,"column":24},"end":{"line":65,"column":11}},"line":62},"4":{"name":"(anonymous_4)","decl":{"start":{"line":91,"column":2},"end":{"line":91,"column":3}},"loc":{"start":{"line":104,"column":4},"end":{"line":144,"column":10}},"line":104},"5":{"name":"(anonymous_5)","decl":{"start":{"line":116,"column":36},"end":{"line":116,"column":37}},"loc":{"start":{"line":116,"column":53},"end":{"line":133,"column":13}},"line":116},"6":{"name":"(anonymous_6)","decl":{"start":{"line":121,"column":27},"end":{"line":121,"column":28}},"loc":{"start":{"line":121,"column":33},"end":{"line":123,"column":19}},"line":121},"7":{"name":"(anonymous_7)","decl":{"start":{"line":124,"column":23},"end":{"line":124,"column":24}},"loc":{"start":{"line":124,"column":30},"end":{"line":128,"column":19}},"line":124}},"branchMap":{"0":{"loc":{"start":{"line":45,"column":17},"end":{"line":45,"column":57}},"type":"binary-expr","locations":[{"start":{"line":45,"column":17},"end":{"line":45,"column":28}},{"start":{"line":45,"column":32},"end":{"line":45,"column":57}}],"line":45},"1":{"loc":{"start":{"line":67,"column":11},"end":{"line":67,"column":62}},"type":"cond-expr","locations":[{"start":{"line":67,"column":54},"end":{"line":67,"column":57}},{"start":{"line":67,"column":60},"end":{"line":67,"column":62}}],"line":67},"2":{"loc":{"start":{"line":106,"column":24},"end":{"line":106,"column":71}},"type":"cond-expr","locations":[{"start":{"line":106,"column":55},"end":{"line":106,"column":62}},{"start":{"line":106,"column":65},"end":{"line":106,"column":71}}],"line":106},"3":{"loc":{"start":{"line":112,"column":17},"end":{"line":112,"column":58}},"type":"binary-expr","locations":[{"start":{"line":112,"column":17},"end":{"line":112,"column":28}},{"start":{"line":112,"column":32},"end":{"line":112,"column":58}}],"line":112},"4":{"loc":{"start":{"line":114,"column":11},"end":{"line":114,"column":63}},"type":"binary-expr","locations":[{"start":{"line":114,"column":11},"end":{"line":114,"column":28}},{"start":{"line":114,"column":32},"end":{"line":114,"column":63}}],"line":114},"5":{"loc":{"start":{"line":115,"column":11},"end":{"line":133,"column":14}},"type":"binary-expr","locations":[{"start":{"line":115,"column":11},"end":{"line":115,"column":29}},{"start":{"line":116,"column":12},"end":{"line":133,"column":14}}],"line":115},"6":{"loc":{"start":{"line":119,"column":38},"end":{"line":119,"column":77}},"type":"cond-expr","locations":[{"start":{"line":119,"column":61},"end":{"line":119,"column":72}},{"start":{"line":119,"column":75},"end":{"line":119,"column":77}}],"line":119},"7":{"loc":{"start":{"line":119,"column":80},"end":{"line":119,"column":124}},"type":"cond-expr","locations":[{"start":{"line":119,"column":111},"end":{"line":119,"column":119}},{"start":{"line":119,"column":122},"end":{"line":119,"column":124}}],"line":119},"8":{"loc":{"start":{"line":119,"column":127},"end":{"line":119,"column":168}},"type":"cond-expr","locations":[{"start":{"line":119,"column":152},"end":{"line":119,"column":163}},{"start":{"line":119,"column":166},"end":{"line":119,"column":168}}],"line":119},"9":{"loc":{"start":{"line":125,"column":20},"end":{"line":127,"column":21}},"type":"if","locations":[{"start":{"line":125,"column":20},"end":{"line":127,"column":21}},{"start":{"line":125,"column":20},"end":{"line":127,"column":21}}],"line":125},"10":{"loc":{"start":{"line":134,"column":11},"end":{"line":138,"column":11}},"type":"binary-expr","locations":[{"start":{"line":134,"column":11},"end":{"line":134,"column":29}},{"start":{"line":134,"column":33},"end":{"line":134,"column":65}},{"start":{"line":135,"column":12},"end":{"line":137,"column":16}}],"line":134},"11":{"loc":{"start":{"line":136,"column":15},"end":{"line":136,"column":58}},"type":"cond-expr","locations":[{"start":{"line":136,"column":33},"end":{"line":136,"column":48}},{"start":{"line":136,"column":51},"end":{"line":136,"column":58}}],"line":136}},"s":{"0":1,"1":30,"2":30,"3":30,"4":30,"5":30,"6":4,"7":1,"8":1,"9":1,"10":1,"11":30,"12":153,"13":1,"14":279,"15":22},"f":{"0":30,"1":4,"2":1,"3":1,"4":30,"5":153,"6":1,"7":279},"b":{"0":[30,10],"1":[9,21],"2":[12,18],"3":[30,10],"4":[30,0],"5":[30,30],"6":[5,148],"7":[12,141],"8":[0,153],"9":[22,257],"10":[30,30,13],"11":[0,13]},"_coverageSchema":"43e27e138ebf9cfc5966b082cf9a028302ed4184","hash":"c8520f539e62771b05cbd0eb4deb385d1f9c28dc"}
}
