TN:
SF:/Users/hzr/hzr/front-end/react-select/src/index.js
FN:16,(anonymous_0)
FN:31,(anonymous_1)
FN:35,(anonymous_2)
FN:35,(anonymous_3)
FN:40,(anonymous_4)
FN:49,(anonymous_5)
FN:55,(anonymous_6)
FN:93,(anonymous_7)
FN:102,(anonymous_8)
FN:113,(anonymous_9)
FN:117,(anonymous_10)
FN:123,(anonymous_11)
FN:130,(anonymous_12)
FN:136,(anonymous_13)
FN:139,(anonymous_14)
FN:158,(anonymous_15)
FN:165,(anonymous_16)
FN:187,(anonymous_17)
FN:190,(anonymous_18)
FN:202,(anonymous_19)
FN:244,(anonymous_20)
FN:285,(anonymous_21)
FN:293,(anonymous_22)
FN:302,(anonymous_23)
FN:339,(anonymous_24)
FNF:25
FNH:14
FNDA:25,(anonymous_0)
FNDA:6,(anonymous_1)
FNDA:1,(anonymous_2)
FNDA:1,(anonymous_3)
FNDA:27,(anonymous_4)
FNDA:7,(anonymous_5)
FNDA:12,(anonymous_6)
FNDA:9,(anonymous_7)
FNDA:0,(anonymous_8)
FNDA:4,(anonymous_9)
FNDA:0,(anonymous_10)
FNDA:0,(anonymous_11)
FNDA:0,(anonymous_12)
FNDA:0,(anonymous_13)
FNDA:0,(anonymous_14)
FNDA:0,(anonymous_15)
FNDA:2,(anonymous_16)
FNDA:1,(anonymous_17)
FNDA:0,(anonymous_18)
FNDA:1,(anonymous_19)
FNDA:0,(anonymous_20)
FNDA:6,(anonymous_21)
FNDA:0,(anonymous_22)
FNDA:0,(anonymous_23)
FNDA:25,(anonymous_24)
DA:4,1
DA:5,1
DA:6,1
DA:7,1
DA:8,1
DA:9,1
DA:10,1
DA:11,1
DA:12,1
DA:13,1
DA:14,1
DA:16,1
DA:17,25
DA:18,25
DA:19,25
DA:20,25
DA:21,25
DA:22,25
DA:23,25
DA:24,25
DA:25,25
DA:26,25
DA:27,25
DA:28,25
DA:29,25
DA:31,25
DA:32,6
DA:33,6
DA:35,6
DA:36,6
DA:40,6
DA:41,27
DA:43,6
DA:44,6
DA:45,6
DA:46,6
DA:49,25
DA:50,7
DA:51,2
DA:55,25
DA:56,12
DA:57,8
DA:58,8
DA:59,8
DA:60,8
DA:62,4
DA:63,4
DA:64,4
DA:65,4
DA:68,4
DA:71,4
DA:72,1
DA:73,1
DA:75,1
DA:79,1
DA:82,4
DA:83,4
DA:84,4
DA:85,0
DA:86,0
DA:90,4
DA:93,25
DA:94,9
DA:95,0
DA:96,0
DA:102,25
DA:103,0
DA:104,0
DA:105,0
DA:107,0
DA:108,0
DA:113,25
DA:114,4
DA:117,25
DA:119,0
DA:120,0
DA:123,25
DA:124,0
DA:125,0
DA:130,25
DA:131,0
DA:133,0
DA:134,0
DA:135,0
DA:136,0
DA:139,25
DA:140,0
DA:141,0
DA:143,0
DA:144,0
DA:147,0
DA:150,0
DA:152,0
DA:154,0
DA:158,25
DA:159,0
DA:160,0
DA:161,0
DA:162,0
DA:165,25
DA:166,2
DA:167,2
DA:168,2
DA:169,2
DA:170,2
DA:172,2
DA:173,2
DA:174,2
DA:175,2
DA:180,2
DA:181,1
DA:183,2
DA:187,25
DA:188,1
DA:189,1
DA:190,1
DA:191,0
DA:192,0
DA:198,1
DA:199,1
DA:202,25
DA:203,1
DA:205,0
DA:206,0
DA:207,0
DA:208,0
DA:209,0
DA:211,0
DA:215,0
DA:216,0
DA:217,0
DA:220,0
DA:221,0
DA:224,0
DA:225,0
DA:227,0
DA:228,0
DA:229,0
DA:232,0
DA:233,0
DA:236,0
DA:237,0
DA:240,1
DA:244,25
DA:245,0
DA:246,0
DA:249,0
DA:250,0
DA:255,0
DA:260,0
DA:262,0
DA:266,0
DA:268,0
DA:270,0
DA:271,0
DA:273,0
DA:275,0
DA:277,0
DA:278,0
DA:282,0
DA:285,25
DA:286,6
DA:287,6
DA:288,36
DA:290,6
DA:293,25
DA:294,0
DA:295,0
DA:296,0
DA:297,0
DA:298,0
DA:302,25
DA:304,0
DA:305,0
DA:307,0
DA:309,25
DA:339,1
DA:340,25
DA:341,25
DA:342,25
DA:343,25
DA:344,25
DA:345,25
DA:346,25
DA:348,25
DA:349,25
DA:351,25
DA:352,25
DA:353,25
DA:355,25
DA:356,25
DA:357,25
DA:359,25
LF:193
LH:117
BRDA:33,0,0,3
BRDA:33,0,1,3
BRDA:33,1,0,3
BRDA:33,1,1,0
BRDA:35,2,0,3
BRDA:35,2,1,3
BRDA:35,3,0,0
BRDA:35,3,1,3
BRDA:36,4,0,3
BRDA:36,4,1,3
BRDA:36,5,0,0
BRDA:36,5,1,3
BRDA:46,6,0,3
BRDA:46,6,1,3
BRDA:50,7,0,2
BRDA:50,7,1,5
BRDA:56,8,0,8
BRDA:56,8,1,4
BRDA:71,9,0,1
BRDA:71,9,1,3
BRDA:84,10,0,0
BRDA:84,10,1,4
BRDA:94,11,0,0
BRDA:94,11,1,9
BRDA:103,12,0,0
BRDA:103,12,1,0
BRDA:140,13,0,0
BRDA:140,13,1,0
BRDA:143,14,0,0
BRDA:143,14,1,0
BRDA:166,15,0,2
BRDA:166,15,1,0
BRDA:176,16,0,1
BRDA:176,16,1,1
BRDA:180,17,0,1
BRDA:180,17,1,1
BRDA:191,18,0,0
BRDA:191,18,1,0
BRDA:194,19,0,0
BRDA:194,19,1,0
BRDA:203,20,0,0
BRDA:203,20,1,0
BRDA:203,20,2,0
BRDA:203,20,3,0
BRDA:203,20,4,1
BRDA:205,21,0,0
BRDA:205,21,1,0
BRDA:207,22,0,0
BRDA:207,22,1,0
BRDA:208,23,0,0
BRDA:208,23,1,0
BRDA:208,24,0,0
BRDA:208,24,1,0
BRDA:220,25,0,0
BRDA:220,25,1,0
BRDA:224,26,0,0
BRDA:224,26,1,0
BRDA:228,27,0,0
BRDA:228,27,1,0
BRDA:245,28,0,0
BRDA:245,28,1,0
BRDA:249,29,0,0
BRDA:249,29,1,0
BRDA:251,30,0,0
BRDA:251,30,1,0
BRDA:256,31,0,0
BRDA:256,31,1,0
BRDA:262,32,0,0
BRDA:262,32,1,0
BRDA:263,33,0,0
BRDA:263,33,1,0
BRDA:266,34,0,0
BRDA:266,34,1,0
BRDA:270,35,0,0
BRDA:270,35,1,0
BRDA:270,36,0,0
BRDA:270,36,1,0
BRDA:273,37,0,0
BRDA:273,37,1,0
BRDA:277,38,0,0
BRDA:277,38,1,0
BRDA:277,39,0,0
BRDA:277,39,1,0
BRDA:282,40,0,0
BRDA:282,40,1,0
BRDA:288,41,0,6
BRDA:288,41,1,30
BRDA:295,42,0,0
BRDA:295,42,1,0
BRDA:304,43,0,0
BRDA:304,43,1,0
BRDA:304,44,0,0
BRDA:304,44,1,0
BRDA:307,45,0,0
BRDA:307,45,1,0
BRDA:332,46,0,14
BRDA:332,46,1,11
BRDA:333,47,0,14
BRDA:333,47,1,11
BRF:99
BRH:31
end_of_record
TN:
SF:/Users/hzr/hzr/front-end/react-select/src/view.js
FN:4,(anonymous_0)
FN:38,(anonymous_1)
FN:55,(anonymous_2)
FN:62,(anonymous_3)
FN:91,(anonymous_4)
FN:116,(anonymous_5)
FN:121,(anonymous_6)
FN:124,(anonymous_7)
FNF:8
FNH:8
FNDA:24,(anonymous_0)
FNDA:4,(anonymous_1)
FNDA:1,(anonymous_2)
FNDA:1,(anonymous_3)
FNDA:24,(anonymous_4)
FNDA:99,(anonymous_5)
FNDA:1,(anonymous_6)
FNDA:171,(anonymous_7)
DA:4,1
DA:12,24
DA:20,24
DA:25,24
DA:33,24
DA:34,24
DA:39,4
DA:56,1
DA:63,1
DA:64,1
DA:90,1
DA:104,24
DA:117,99
DA:122,1
DA:125,171
DA:126,3
LF:16
LH:16
BRDA:45,0,0,24
BRDA:45,0,1,10
BRDA:67,1,0,7
BRDA:67,1,1,17
BRDA:106,2,0,8
BRDA:106,2,1,16
BRDA:112,3,0,24
BRDA:112,3,1,10
BRDA:114,4,0,24
BRDA:114,4,1,0
BRDA:115,5,0,24
BRDA:115,5,1,24
BRDA:119,6,0,9
BRDA:119,6,1,90
BRDA:119,7,0,2
BRDA:119,7,1,97
BRDA:119,8,0,0
BRDA:119,8,1,99
BRDA:125,9,0,3
BRDA:125,9,1,168
BRDA:134,10,0,24
BRDA:134,10,1,24
BRDA:134,10,2,13
BRDA:136,11,0,0
BRDA:136,11,1,13
BRF:25
BRH:22
end_of_record
