TN:
SF:/Users/hzr/hzr/front-end/test-react-select/src/index.js
FN:16,(anonymous_0)
FN:31,(anonymous_1)
FN:35,(anonymous_2)
FN:35,(anonymous_3)
FN:40,(anonymous_4)
FN:49,(anonymous_5)
FN:55,(anonymous_6)
FN:94,(anonymous_7)
FN:103,(anonymous_8)
FN:114,(anonymous_9)
FN:118,(anonymous_10)
FN:124,(anonymous_11)
FN:131,(anonymous_12)
FN:137,(anonymous_13)
FN:140,(anonymous_14)
FN:159,(anonymous_15)
FN:166,(anonymous_16)
FN:188,(anonymous_17)
FN:191,(anonymous_18)
FN:203,(anonymous_19)
FN:245,(anonymous_20)
FN:285,(anonymous_21)
FN:293,(anonymous_22)
FN:302,(anonymous_23)
FN:339,(anonymous_24)
FNF:25
FNH:17
FNDA:32,(anonymous_0)
FNDA:6,(anonymous_1)
FNDA:2,(anonymous_2)
FNDA:1,(anonymous_3)
FNDA:27,(anonymous_4)
FNDA:7,(anonymous_5)
FNDA:15,(anonymous_6)
FNDA:9,(anonymous_7)
FNDA:0,(anonymous_8)
FNDA:4,(anonymous_9)
FNDA:0,(anonymous_10)
FNDA:0,(anonymous_11)
FNDA:0,(anonymous_12)
FNDA:0,(anonymous_13)
FNDA:0,(anonymous_14)
FNDA:0,(anonymous_15)
FNDA:3,(anonymous_16)
FNDA:1,(anonymous_17)
FNDA:0,(anonymous_18)
FNDA:25,(anonymous_19)
FNDA:22,(anonymous_20)
FNDA:8,(anonymous_21)
FNDA:2,(anonymous_22)
FNDA:4,(anonymous_23)
FNDA:32,(anonymous_24)
DA:4,1
DA:5,1
DA:6,1
DA:7,1
DA:8,1
DA:9,1
DA:10,1
DA:11,1
DA:12,1
DA:13,1
DA:14,1
DA:16,1
DA:17,32
DA:18,32
DA:19,32
DA:20,32
DA:21,32
DA:22,32
DA:23,32
DA:24,32
DA:25,32
DA:26,32
DA:27,32
DA:28,32
DA:29,32
DA:31,32
DA:32,6
DA:33,6
DA:35,6
DA:36,6
DA:40,6
DA:41,27
DA:43,6
DA:44,6
DA:45,6
DA:46,6
DA:49,32
DA:50,7
DA:51,3
DA:55,32
DA:57,15
DA:58,10
DA:59,10
DA:60,10
DA:61,10
DA:63,5
DA:64,5
DA:65,5
DA:66,5
DA:69,5
DA:72,5
DA:73,1
DA:74,1
DA:76,1
DA:80,1
DA:83,5
DA:84,5
DA:85,5
DA:86,0
DA:87,0
DA:91,5
DA:94,32
DA:95,9
DA:96,0
DA:97,0
DA:103,32
DA:104,0
DA:105,0
DA:106,0
DA:108,0
DA:109,0
DA:114,32
DA:115,4
DA:118,32
DA:120,0
DA:121,0
DA:124,32
DA:125,0
DA:126,0
DA:131,32
DA:132,0
DA:134,0
DA:135,0
DA:136,0
DA:137,0
DA:140,32
DA:141,0
DA:142,0
DA:144,0
DA:145,0
DA:148,0
DA:151,0
DA:153,0
DA:155,0
DA:159,32
DA:160,0
DA:161,0
DA:162,0
DA:163,0
DA:166,32
DA:167,3
DA:168,3
DA:169,3
DA:170,3
DA:171,3
DA:173,3
DA:174,3
DA:175,3
DA:176,3
DA:181,3
DA:182,1
DA:184,3
DA:188,32
DA:189,1
DA:190,1
DA:191,1
DA:192,0
DA:193,0
DA:199,1
DA:200,1
DA:203,32
DA:204,25
DA:206,2
DA:207,1
DA:208,1
DA:209,1
DA:210,1
DA:212,0
DA:216,0
DA:217,0
DA:218,0
DA:221,2
DA:222,2
DA:225,1
DA:226,0
DA:228,1
DA:229,1
DA:230,1
DA:233,10
DA:234,10
DA:237,12
DA:238,12
DA:241,0
DA:245,32
DA:246,22
DA:247,0
DA:250,22
DA:251,10
DA:256,12
DA:261,22
DA:263,22
DA:266,0
DA:268,0
DA:270,0
DA:271,0
DA:273,0
DA:275,0
DA:277,0
DA:278,0
DA:282,22
DA:285,32
DA:286,8
DA:287,8
DA:288,54
DA:290,8
DA:293,32
DA:294,2
DA:295,2
DA:296,0
DA:297,0
DA:298,0
DA:302,32
DA:304,4
DA:305,0
DA:307,4
DA:309,32
DA:339,1
DA:340,32
DA:341,32
DA:343,32
DA:344,32
DA:345,32
DA:346,32
DA:347,32
DA:349,32
DA:351,32
DA:353,32
DA:354,32
DA:355,32
DA:357,32
DA:358,32
DA:359,32
DA:361,32
LF:193
LH:142
BRDA:33,0,0,3
BRDA:33,0,1,3
BRDA:33,1,0,3
BRDA:33,1,1,0
BRDA:35,2,0,3
BRDA:35,2,1,3
BRDA:35,3,0,0
BRDA:35,3,1,3
BRDA:36,4,0,3
BRDA:36,4,1,3
BRDA:36,5,0,0
BRDA:36,5,1,3
BRDA:46,6,0,3
BRDA:46,6,1,3
BRDA:50,7,0,3
BRDA:50,7,1,4
BRDA:57,8,0,10
BRDA:57,8,1,5
BRDA:72,9,0,1
BRDA:72,9,1,4
BRDA:85,10,0,0
BRDA:85,10,1,5
BRDA:95,11,0,0
BRDA:95,11,1,9
BRDA:104,12,0,0
BRDA:104,12,1,0
BRDA:141,13,0,0
BRDA:141,13,1,0
BRDA:144,14,0,0
BRDA:144,14,1,0
BRDA:167,15,0,3
BRDA:167,15,1,0
BRDA:177,16,0,2
BRDA:177,16,1,1
BRDA:181,17,0,1
BRDA:181,17,1,2
BRDA:192,18,0,0
BRDA:192,18,1,0
BRDA:195,19,0,0
BRDA:195,19,1,0
BRDA:204,20,0,2
BRDA:204,20,1,1
BRDA:204,20,2,10
BRDA:204,20,3,12
BRDA:204,20,4,0
BRDA:206,21,0,1
BRDA:206,21,1,1
BRDA:208,22,0,1
BRDA:208,22,1,0
BRDA:209,23,0,1
BRDA:209,23,1,0
BRDA:209,24,0,1
BRDA:209,24,1,1
BRDA:221,25,0,2
BRDA:221,25,1,0
BRDA:225,26,0,0
BRDA:225,26,1,1
BRDA:229,27,0,1
BRDA:229,27,1,0
BRDA:246,28,0,0
BRDA:246,28,1,22
BRDA:250,29,0,10
BRDA:250,29,1,12
BRDA:252,30,0,1
BRDA:252,30,1,9
BRDA:257,31,0,1
BRDA:257,31,1,11
BRDA:263,32,0,0
BRDA:263,32,1,22
BRDA:264,33,0,22
BRDA:264,33,1,10
BRDA:266,34,0,0
BRDA:266,34,1,0
BRDA:270,35,0,0
BRDA:270,35,1,0
BRDA:270,36,0,0
BRDA:270,36,1,0
BRDA:273,37,0,0
BRDA:273,37,1,0
BRDA:277,38,0,0
BRDA:277,38,1,0
BRDA:277,39,0,0
BRDA:277,39,1,0
BRDA:282,40,0,22
BRDA:282,40,1,0
BRDA:288,41,0,3
BRDA:288,41,1,51
BRDA:295,42,0,0
BRDA:295,42,1,2
BRDA:304,43,0,0
BRDA:304,43,1,4
BRDA:304,44,0,4
BRDA:304,44,1,4
BRDA:307,45,0,2
BRDA:307,45,1,2
BRDA:332,46,0,21
BRDA:332,46,1,11
BRDA:333,47,0,21
BRDA:333,47,1,11
BRF:99
BRH:60
end_of_record
TN:
SF:/Users/hzr/hzr/front-end/test-react-select/src/view.js
FN:4,(anonymous_0)
FN:38,(anonymous_1)
FN:55,(anonymous_2)
FN:62,(anonymous_3)
FN:91,(anonymous_4)
FN:116,(anonymous_5)
FN:121,(anonymous_6)
FN:124,(anonymous_7)
FNF:8
FNH:8
FNDA:30,(anonymous_0)
FNDA:4,(anonymous_1)
FNDA:1,(anonymous_2)
FNDA:1,(anonymous_3)
FNDA:30,(anonymous_4)
FNDA:153,(anonymous_5)
FNDA:1,(anonymous_6)
FNDA:279,(anonymous_7)
DA:4,1
DA:12,30
DA:20,30
DA:25,30
DA:33,30
DA:34,30
DA:39,4
DA:56,1
DA:63,1
DA:64,1
DA:90,1
DA:104,30
DA:117,153
DA:122,1
DA:125,279
DA:126,22
LF:16
LH:16
BRDA:45,0,0,30
BRDA:45,0,1,10
BRDA:67,1,0,9
BRDA:67,1,1,21
BRDA:106,2,0,12
BRDA:106,2,1,18
BRDA:112,3,0,30
BRDA:112,3,1,10
BRDA:114,4,0,30
BRDA:114,4,1,0
BRDA:115,5,0,30
BRDA:115,5,1,30
BRDA:119,6,0,5
BRDA:119,6,1,148
BRDA:119,7,0,12
BRDA:119,7,1,141
BRDA:119,8,0,0
BRDA:119,8,1,153
BRDA:125,9,0,22
BRDA:125,9,1,257
BRDA:134,10,0,30
BRDA:134,10,1,30
BRDA:134,10,2,13
BRDA:136,11,0,0
BRDA:136,11,1,13
BRF:25
BRH:22
end_of_record
